#
# A fatal error has been detected by the Java Runtime Environment:
#
#  EXCEPTION_ACCESS_VIOLATION (0xc0000005) at pc=0x00007ffe21893416, pid=20428, tid=776
#
# JRE version: OpenJDK Runtime Environment (17.0.2+8) (build 17.0.2+8-86)
# Java VM: OpenJDK 64-Bit Server VM (17.0.2+8-86, mixed mode, sharing, tiered, compressed oops, compressed class ptrs, g1 gc, windows-amd64)
# Problematic frame:
# C  [ntdll.dll+0x63416]
#
# No core dump will be written. Minidumps are not enabled by default on client versions of Windows
#
# If you would like to submit a bug report, please visit:
#   https://bugreport.java.com/bugreport/crash.jsp
# The crash happened outside the Java Virtual Machine in native code.
# See problematic frame for where to report the bug.
#

---------------  S U M M A R Y ------------

Command Line: -javaagent:C:\Program Files\JetBrains\IntelliJ IDEA 2021.3.2\lib\idea_rt.jar=61365:C:\Program Files\JetBrains\IntelliJ IDEA 2021.3.2\bin -Dfile.encoding=UTF-8 com.sandor.UltraSpaceSortingMachine

Host: Intel(R) Core(TM) i7-8650U CPU @ 1.90GHz, 8 cores, 7G,  Windows 10 , 64 bit Build 19041 (10.0.19041.1566)
Time: Fri May 27 20:04:17 2022 W. Europe Summer Time elapsed time: 12.610224 seconds (0d 0h 0m 12s)

---------------  T H R E A D  ---------------

Current thread (0x00000293660d5bb0):  JavaThread "Thread-1" [_thread_in_native, id=776, stack(0x000000eb27500000,0x000000eb27600000)]

Stack: [0x000000eb27500000,0x000000eb27600000],  sp=0x000000eb275ff010,  free space=1020k
Native frames: (J=compiled Java code, j=interpreted, Vv=VM code, C=native code)
C  [ntdll.dll+0x63416]
C  [ntdll.dll+0x2fcb4]
C  [ntdll.dll+0x2fae2]
C  [1653674645269-jSerialComm.dll+0x3cb2]

Java frames: (J=compiled Java code, j=interpreted, Vv=VM code)
j  com.fazecast.jSerialComm.SerialPort.closePortNative(J)J+0
j  com.fazecast.jSerialComm.SerialPort.closePort()Z+29
j  com.sandor.ArduinoConnector.readString()Ljava/lang/String;+73
j  com.sandor.threads.SorteerProces.run()V+22
v  ~StubRoutines::call_stub

siginfo: EXCEPTION_ACCESS_VIOLATION (0xc0000005), writing address 0x0000000000000024


Register to memory mapping:

RIP=0x00007ffe21893416 ntdll.dll
RAX=0x0 is NULL
RBX=0x00007ffe0363fd00 1653674645269-jSerialComm.dll
RCX=0x00007ffe0363fd00 1653674645269-jSerialComm.dll
RDX=0x00000000fffffffa is an unallocated location in the heap
RSP=0x000000eb275ff010 is pointing into the stack for thread: 0x00000293660d5bb0
RBP=0x000000eb275ff200 is pointing into the stack for thread: 0x00000293660d5bb0
RSI=0x0 is NULL
RDI=0x0 is NULL
R8 =0x0 is NULL
R9 =0x00007ffe0363fd00 1653674645269-jSerialComm.dll
R10=0x0 is NULL
R11=0x0000000000000246 is an unknown value
R12=0x0 is NULL
R13=0x000000eb25497000 points into unknown readable memory: 0x0000000000000000 | 00 00 00 00 00 00 00 00
R14=0x0000000000000001 is an unknown value
R15=0x0 is NULL


Registers:
RAX=0x0000000000000000, RBX=0x00007ffe0363fd00, RCX=0x00007ffe0363fd00, RDX=0x00000000fffffffa
RSP=0x000000eb275ff010, RBP=0x000000eb275ff200, RSI=0x0000000000000000, RDI=0x0000000000000000
R8 =0x0000000000000000, R9 =0x00007ffe0363fd00, R10=0x0000000000000000, R11=0x0000000000000246
R12=0x0000000000000000, R13=0x000000eb25497000, R14=0x0000000000000001, R15=0x0000000000000000
RIP=0x00007ffe21893416, EFLAGS=0x0000000000010213

Top of Stack: (sp=0x000000eb275ff010)
0x000000eb275ff010:   ffffffffffffffff 00007ffe0363fd00
0x000000eb275ff020:   0000000000000000 0000000000000000
0x000000eb275ff030:   0000000000000000 0000000000000000
0x000000eb275ff040:   0000000000000000 0000000000000000
0x000000eb275ff050:   0000000000000000 00000000fffffffa
0x000000eb275ff060:   000000eb25497000 0000000000000000
0x000000eb275ff070:   0000000000000000 0000000000000000
0x000000eb275ff080:   0000000000000000 0000000000000000
0x000000eb275ff090:   0000000000000000 0000000000000000
0x000000eb275ff0a0:   00002e1947d67f84 0000000000000000
0x000000eb275ff0b0:   00000293660d5b00 0000000000000001
0x000000eb275ff0c0:   0000000000000001 0000000000000001
0x000000eb275ff0d0:   0000000000000000 00007ffe0363fd00
0x000000eb275ff0e0:   000000eb275ff200 00007ffe2185fcb4
0x000000eb275ff0f0:   0000000000000000 0000000000000000
0x000000eb275ff100:   00000000fffffffa 0000000000000000 

Instructions: (pc=0x00007ffe21893416)
0x00007ffe21893316:   20 e9 ed fe ff ff 48 89 41 18 e9 e4 fe ff ff cc
0x00007ffe21893326:   cc cc cc cc cc cc cc cc cc cc 80 3d d1 71 10 00
0x00007ffe21893336:   00 0f 95 c0 c3 cc cc cc cc cc cc cc cc cc cc cc
0x00007ffe21893346:   cc cc cc cc cc cc cc cc cc cc 48 83 ec 38 8b 05
0x00007ffe21893356:   d2 57 10 00 89 44 24 20 e8 41 02 00 00 48 83 c4
0x00007ffe21893366:   38 c3 cc cc cc cc cc cc cc cc 48 89 5c 24 18 55
0x00007ffe21893376:   56 57 41 54 41 55 41 56 41 57 48 81 ec a0 00 00
0x00007ffe21893386:   00 48 8b 05 82 f1 11 00 48 33 c4 48 89 84 24 90
0x00007ffe21893396:   00 00 00 65 4c 8b 2c 25 30 00 00 00 48 8d 05 4f
0x00007ffe218933a6:   11 10 00 40 32 ed 89 54 24 48 33 f6 40 88 6c 24
0x00007ffe218933b6:   40 4c 89 6c 24 50 48 8b d9 44 8b e6 48 3b c8 0f
0x00007ffe218933c6:   84 39 01 00 00 40 38 35 36 71 10 00 0f 85 a8 01
0x00007ffe218933d6:   00 00 39 35 4a 71 10 00 0f 85 6a 01 00 00 40 38
0x00007ffe218933e6:   35 0d 6c 10 00 48 8d 3d 0e 6c 10 00 48 0f 45 fe
0x00007ffe218933f6:   48 39 73 18 0f 84 d2 00 00 00 48 8b 03 48 83 f8
0x00007ffe21893406:   ff 0f 84 d2 00 00 00 44 8b fe 48 83 f8 ff 74 03
0x00007ffe21893416:   ff 40 24 4c 8b 73 18 4c 8d 2d d4 10 10 00 bd 22
0x00007ffe21893426:   17 00 00 e8 22 14 fc ff 85 c0 0f 85 be b2 05 00
0x00007ffe21893436:   b9 82 03 fe 7f 80 39 00 0f 85 cc b2 05 00 49 83
0x00007ffe21893446:   fe ff 0f 85 5a b3 05 00 4c 8b cf c7 44 24 20 00
0x00007ffe21893456:   00 00 00 41 b8 04 00 00 00 48 8d 54 24 48 48 8d
0x00007ffe21893466:   4b 08 e8 37 01 00 00 3d 02 01 00 00 0f 84 43 b3
0x00007ffe21893476:   05 00 8b 4b 08 89 4c 24 48 f6 c1 02 75 ca 3d 02
0x00007ffe21893486:   01 00 00 0f 84 2c b3 05 00 0f b6 6c 24 40 4c 8b
0x00007ffe21893496:   6c 24 50 85 c0 0f 88 78 b4 05 00 40 84 ed 75 73
0x00007ffe218934a6:   48 8b 8c 24 90 00 00 00 48 33 cc e8 7a 8d 02 00
0x00007ffe218934b6:   48 8b 9c 24 f0 00 00 00 48 81 c4 a0 00 00 00 41
0x00007ffe218934c6:   5f 41 5e 41 5d 41 5c 5f 5e 5d c3 cc 48 8b cb e8
0x00007ffe218934d6:   56 05 00 00 e9 21 ff ff ff 8b 4b 20 48 c7 c0 ff
0x00007ffe218934e6:   ff ff ff 48 0f ba e1 18 0f 82 19 ff ff ff 48 8b
0x00007ffe218934f6:   cb e8 44 e3 fa ff 48 8b 03 e9 09 ff ff ff c6 44
0x00007ffe21893506:   24 40 01 41 c7 85 60 17 00 00 01 00 00 00 e9 b2 


Stack slot to memory mapping:
stack at sp + 0 slots: 0xffffffffffffffff is an unknown value
stack at sp + 1 slots: 0x00007ffe0363fd00 1653674645269-jSerialComm.dll
stack at sp + 2 slots: 0x0 is NULL
stack at sp + 3 slots: 0x0 is NULL
stack at sp + 4 slots: 0x0 is NULL
stack at sp + 5 slots: 0x0 is NULL
stack at sp + 6 slots: 0x0 is NULL
stack at sp + 7 slots: 0x0 is NULL


---------------  P R O C E S S  ---------------

Threads class SMR info:
_java_thread_list=0x00000293660c43c0, length=21, elements={
0x0000029363679530, 0x000002936367a2b0, 0x000002936368afb0, 0x000002936368b870,
0x000002936368d140, 0x000002936368da00, 0x0000029363691ba0, 0x00000293636bc980,
0x00000293636c5a50, 0x0000029363661f30, 0x00000293642467d0, 0x00000293642a6670,
0x0000029364404010, 0x0000029364405de0, 0x0000029364423b70, 0x00000293455ca940,
0x0000029365b32bd0, 0x00000293660d6a20, 0x00000293660d5bb0, 0x00000293660d6080,
0x00000293660d6550
}

Java Threads: ( => current thread )
  0x0000029363679530 JavaThread "Reference Handler" daemon [_thread_blocked, id=8488, stack(0x000000eb26100000,0x000000eb26200000)]
  0x000002936367a2b0 JavaThread "Finalizer" daemon [_thread_blocked, id=13192, stack(0x000000eb26200000,0x000000eb26300000)]
  0x000002936368afb0 JavaThread "Signal Dispatcher" daemon [_thread_blocked, id=16296, stack(0x000000eb26300000,0x000000eb26400000)]
  0x000002936368b870 JavaThread "Attach Listener" daemon [_thread_blocked, id=9608, stack(0x000000eb26400000,0x000000eb26500000)]
  0x000002936368d140 JavaThread "Service Thread" daemon [_thread_blocked, id=7252, stack(0x000000eb26500000,0x000000eb26600000)]
  0x000002936368da00 JavaThread "Monitor Deflation Thread" daemon [_thread_blocked, id=12272, stack(0x000000eb26600000,0x000000eb26700000)]
  0x0000029363691ba0 JavaThread "C2 CompilerThread0" daemon [_thread_blocked, id=8392, stack(0x000000eb26700000,0x000000eb26800000)]
  0x00000293636bc980 JavaThread "C1 CompilerThread0" daemon [_thread_blocked, id=23488, stack(0x000000eb26800000,0x000000eb26900000)]
  0x00000293636c5a50 JavaThread "Sweeper thread" daemon [_thread_blocked, id=10548, stack(0x000000eb26900000,0x000000eb26a00000)]
  0x0000029363661f30 JavaThread "Common-Cleaner" daemon [_thread_blocked, id=9584, stack(0x000000eb26a00000,0x000000eb26b00000)]
  0x00000293642467d0 JavaThread "Monitor Ctrl-Break" daemon [_thread_in_native, id=15244, stack(0x000000eb26b00000,0x000000eb26c00000)]
  0x00000293642a6670 JavaThread "Notification Thread" daemon [_thread_blocked, id=23948, stack(0x000000eb26c00000,0x000000eb26d00000)]
  0x0000029364404010 JavaThread "Java2D Disposer" daemon [_thread_blocked, id=24268, stack(0x000000eb26e00000,0x000000eb26f00000)]
  0x0000029364405de0 JavaThread "AWT-Shutdown" [_thread_blocked, id=21184, stack(0x000000eb26f00000,0x000000eb27000000)]
  0x0000029364423b70 JavaThread "AWT-EventQueue-0" [_thread_blocked, id=4272, stack(0x000000eb27100000,0x000000eb27200000)]
  0x00000293455ca940 JavaThread "DestroyJavaVM" [_thread_blocked, id=13868, stack(0x000000eb25a00000,0x000000eb25b00000)]
  0x0000029365b32bd0 JavaThread "mysql-cj-abandoned-connection-cleanup" daemon [_thread_blocked, id=5756, stack(0x000000eb27300000,0x000000eb27400000)]
  0x00000293660d6a20 JavaThread "TimerQueue" daemon [_thread_blocked, id=16556, stack(0x000000eb27400000,0x000000eb27500000)]
=>0x00000293660d5bb0 JavaThread "Thread-1" [_thread_in_native, id=776, stack(0x000000eb27500000,0x000000eb27600000)]
  0x00000293660d6080 JavaThread "SIGINT handler" daemon [_thread_blocked, id=19664, stack(0x000000eb27200000,0x000000eb27300000)]
  0x00000293660d6550 JavaThread "ToolkitShutdown" daemon [_thread_in_native, id=22624, stack(0x000000eb27700000,0x000000eb27800000)]

Other Threads:
  0x0000029363672a10 VMThread "VM Thread" [stack: 0x000000eb26000000,0x000000eb26100000] [id=12456]
  0x00000293455cb800 WatcherThread [stack: 0x000000eb26d00000,0x000000eb26e00000] [id=12736]
  0x000002934560b940 GCTaskThread "GC Thread#0" [stack: 0x000000eb25b00000,0x000000eb25c00000] [id=20044]
  0x000002934561c510 ConcurrentGCThread "G1 Main Marker" [stack: 0x000000eb25c00000,0x000000eb25d00000] [id=10880]
  0x000002934561d5d0 ConcurrentGCThread "G1 Conc#0" [stack: 0x000000eb25d00000,0x000000eb25e00000] [id=2956]
  0x00000293456a8250 ConcurrentGCThread "G1 Refine#0" [stack: 0x000000eb25e00000,0x000000eb25f00000] [id=3580]
  0x00000293456a8b80 ConcurrentGCThread "G1 Service" [stack: 0x000000eb25f00000,0x000000eb26000000] [id=22192]

Threads with active compile tasks:

VM state: not at safepoint (normal execution)

VM Mutex/Monitor currently owned by a thread: None

Heap address: 0x0000000081400000, size: 2028 MB, Compressed Oops mode: 32-bit

CDS archive(s) mapped at: [0x0000000800000000-0x0000000800bc0000-0x0000000800bc0000), size 12320768, SharedBaseAddress: 0x0000000800000000, ArchiveRelocationMode: 0.
Compressed class space mapped at: 0x0000000800c00000-0x0000000840c00000, reserved size: 1073741824
Narrow klass base: 0x0000000800000000, Narrow klass shift: 0, Narrow klass range: 0x100000000

GC Precious Log:
 CPUs: 8 total, 8 available
 Memory: 8108M
 Large Page Support: Disabled
 NUMA Support: Disabled
 Compressed Oops: Enabled (32-bit)
 Heap Region Size: 1M
 Heap Min Capacity: 8M
 Heap Initial Capacity: 128M
 Heap Max Capacity: 2028M
 Pre-touch: Disabled
 Parallel Workers: 8
 Concurrent Workers: 2
 Concurrent Refinement Workers: 8
 Periodic GC: Disabled

Heap:
 garbage-first heap   total 131072K, used 26624K [0x0000000081400000, 0x0000000100000000)
  region size 1024K, 22 young (22528K), 0 survivors (0K)
 Metaspace       used 12806K, committed 13056K, reserved 1064960K
  class space    used 1434K, committed 1536K, reserved 1048576K

Heap Regions: E=young(eden), S=young(survivor), O=old, HS=humongous(starts), HC=humongous(continues), CS=collection set, F=free, OA=open archive, CA=closed archive, TAMS=top-at-mark-start (previous, next)
|   0|0x0000000081400000, 0x0000000081500000, 0x0000000081500000|100%|HS|  |TAMS 0x0000000081400000, 0x0000000081400000| Complete 
|   1|0x0000000081500000, 0x0000000081600000, 0x0000000081600000|100%|HC|  |TAMS 0x0000000081500000, 0x0000000081500000| Complete 
|   2|0x0000000081600000, 0x0000000081700000, 0x0000000081700000|100%|HC|  |TAMS 0x0000000081600000, 0x0000000081600000| Complete 
|   3|0x0000000081700000, 0x0000000081800000, 0x0000000081800000|100%|HC|  |TAMS 0x0000000081700000, 0x0000000081700000| Complete 
|   4|0x0000000081800000, 0x0000000081900000, 0x0000000081900000|100%|HC|  |TAMS 0x0000000081800000, 0x0000000081800000| Complete 
|   5|0x0000000081900000, 0x0000000081900000, 0x0000000081a00000|  0%| F|  |TAMS 0x0000000081900000, 0x0000000081900000| Untracked 
|   6|0x0000000081a00000, 0x0000000081a00000, 0x0000000081b00000|  0%| F|  |TAMS 0x0000000081a00000, 0x0000000081a00000| Untracked 
|   7|0x0000000081b00000, 0x0000000081b00000, 0x0000000081c00000|  0%| F|  |TAMS 0x0000000081b00000, 0x0000000081b00000| Untracked 
|   8|0x0000000081c00000, 0x0000000081c00000, 0x0000000081d00000|  0%| F|  |TAMS 0x0000000081c00000, 0x0000000081c00000| Untracked 
|   9|0x0000000081d00000, 0x0000000081d00000, 0x0000000081e00000|  0%| F|  |TAMS 0x0000000081d00000, 0x0000000081d00000| Untracked 
|  10|0x0000000081e00000, 0x0000000081e00000, 0x0000000081f00000|  0%| F|  |TAMS 0x0000000081e00000, 0x0000000081e00000| Untracked 
|  11|0x0000000081f00000, 0x0000000081f00000, 0x0000000082000000|  0%| F|  |TAMS 0x0000000081f00000, 0x0000000081f00000| Untracked 
|  12|0x0000000082000000, 0x0000000082000000, 0x0000000082100000|  0%| F|  |TAMS 0x0000000082000000, 0x0000000082000000| Untracked 
|  13|0x0000000082100000, 0x0000000082100000, 0x0000000082200000|  0%| F|  |TAMS 0x0000000082100000, 0x0000000082100000| Untracked 
|  14|0x0000000082200000, 0x0000000082200000, 0x0000000082300000|  0%| F|  |TAMS 0x0000000082200000, 0x0000000082200000| Untracked 
|  15|0x0000000082300000, 0x0000000082300000, 0x0000000082400000|  0%| F|  |TAMS 0x0000000082300000, 0x0000000082300000| Untracked 
|  16|0x0000000082400000, 0x0000000082400000, 0x0000000082500000|  0%| F|  |TAMS 0x0000000082400000, 0x0000000082400000| Untracked 
|  17|0x0000000082500000, 0x0000000082500000, 0x0000000082600000|  0%| F|  |TAMS 0x0000000082500000, 0x0000000082500000| Untracked 
|  18|0x0000000082600000, 0x0000000082600000, 0x0000000082700000|  0%| F|  |TAMS 0x0000000082600000, 0x0000000082600000| Untracked 
|  19|0x0000000082700000, 0x0000000082700000, 0x0000000082800000|  0%| F|  |TAMS 0x0000000082700000, 0x0000000082700000| Untracked 
|  20|0x0000000082800000, 0x0000000082800000, 0x0000000082900000|  0%| F|  |TAMS 0x0000000082800000, 0x0000000082800000| Untracked 
|  21|0x0000000082900000, 0x0000000082900000, 0x0000000082a00000|  0%| F|  |TAMS 0x0000000082900000, 0x0000000082900000| Untracked 
|  22|0x0000000082a00000, 0x0000000082a00000, 0x0000000082b00000|  0%| F|  |TAMS 0x0000000082a00000, 0x0000000082a00000| Untracked 
|  23|0x0000000082b00000, 0x0000000082b00000, 0x0000000082c00000|  0%| F|  |TAMS 0x0000000082b00000, 0x0000000082b00000| Untracked 
|  24|0x0000000082c00000, 0x0000000082c00000, 0x0000000082d00000|  0%| F|  |TAMS 0x0000000082c00000, 0x0000000082c00000| Untracked 
|  25|0x0000000082d00000, 0x0000000082d00000, 0x0000000082e00000|  0%| F|  |TAMS 0x0000000082d00000, 0x0000000082d00000| Untracked 
|  26|0x0000000082e00000, 0x0000000082e00000, 0x0000000082f00000|  0%| F|  |TAMS 0x0000000082e00000, 0x0000000082e00000| Untracked 
|  27|0x0000000082f00000, 0x0000000082f00000, 0x0000000083000000|  0%| F|  |TAMS 0x0000000082f00000, 0x0000000082f00000| Untracked 
|  28|0x0000000083000000, 0x0000000083000000, 0x0000000083100000|  0%| F|  |TAMS 0x0000000083000000, 0x0000000083000000| Untracked 
|  29|0x0000000083100000, 0x0000000083100000, 0x0000000083200000|  0%| F|  |TAMS 0x0000000083100000, 0x0000000083100000| Untracked 
|  30|0x0000000083200000, 0x0000000083200000, 0x0000000083300000|  0%| F|  |TAMS 0x0000000083200000, 0x0000000083200000| Untracked 
|  31|0x0000000083300000, 0x0000000083300000, 0x0000000083400000|  0%| F|  |TAMS 0x0000000083300000, 0x0000000083300000| Untracked 
|  32|0x0000000083400000, 0x0000000083400000, 0x0000000083500000|  0%| F|  |TAMS 0x0000000083400000, 0x0000000083400000| Untracked 
|  33|0x0000000083500000, 0x0000000083500000, 0x0000000083600000|  0%| F|  |TAMS 0x0000000083500000, 0x0000000083500000| Untracked 
|  34|0x0000000083600000, 0x0000000083600000, 0x0000000083700000|  0%| F|  |TAMS 0x0000000083600000, 0x0000000083600000| Untracked 
|  35|0x0000000083700000, 0x0000000083700000, 0x0000000083800000|  0%| F|  |TAMS 0x0000000083700000, 0x0000000083700000| Untracked 
|  36|0x0000000083800000, 0x0000000083800000, 0x0000000083900000|  0%| F|  |TAMS 0x0000000083800000, 0x0000000083800000| Untracked 
|  37|0x0000000083900000, 0x0000000083900000, 0x0000000083a00000|  0%| F|  |TAMS 0x0000000083900000, 0x0000000083900000| Untracked 
|  38|0x0000000083a00000, 0x0000000083a00000, 0x0000000083b00000|  0%| F|  |TAMS 0x0000000083a00000, 0x0000000083a00000| Untracked 
|  39|0x0000000083b00000, 0x0000000083b00000, 0x0000000083c00000|  0%| F|  |TAMS 0x0000000083b00000, 0x0000000083b00000| Untracked 
|  40|0x0000000083c00000, 0x0000000083c00000, 0x0000000083d00000|  0%| F|  |TAMS 0x0000000083c00000, 0x0000000083c00000| Untracked 
|  41|0x0000000083d00000, 0x0000000083d00000, 0x0000000083e00000|  0%| F|  |TAMS 0x0000000083d00000, 0x0000000083d00000| Untracked 
|  42|0x0000000083e00000, 0x0000000083e00000, 0x0000000083f00000|  0%| F|  |TAMS 0x0000000083e00000, 0x0000000083e00000| Untracked 
|  43|0x0000000083f00000, 0x0000000083f00000, 0x0000000084000000|  0%| F|  |TAMS 0x0000000083f00000, 0x0000000083f00000| Untracked 
|  44|0x0000000084000000, 0x0000000084000000, 0x0000000084100000|  0%| F|  |TAMS 0x0000000084000000, 0x0000000084000000| Untracked 
|  45|0x0000000084100000, 0x0000000084100000, 0x0000000084200000|  0%| F|  |TAMS 0x0000000084100000, 0x0000000084100000| Untracked 
|  46|0x0000000084200000, 0x0000000084200000, 0x0000000084300000|  0%| F|  |TAMS 0x0000000084200000, 0x0000000084200000| Untracked 
|  47|0x0000000084300000, 0x0000000084300000, 0x0000000084400000|  0%| F|  |TAMS 0x0000000084300000, 0x0000000084300000| Untracked 
|  48|0x0000000084400000, 0x0000000084400000, 0x0000000084500000|  0%| F|  |TAMS 0x0000000084400000, 0x0000000084400000| Untracked 
|  49|0x0000000084500000, 0x0000000084500000, 0x0000000084600000|  0%| F|  |TAMS 0x0000000084500000, 0x0000000084500000| Untracked 
|  50|0x0000000084600000, 0x0000000084600000, 0x0000000084700000|  0%| F|  |TAMS 0x0000000084600000, 0x0000000084600000| Untracked 
|  51|0x0000000084700000, 0x0000000084700000, 0x0000000084800000|  0%| F|  |TAMS 0x0000000084700000, 0x0000000084700000| Untracked 
|  52|0x0000000084800000, 0x0000000084800000, 0x0000000084900000|  0%| F|  |TAMS 0x0000000084800000, 0x0000000084800000| Untracked 
|  53|0x0000000084900000, 0x0000000084900000, 0x0000000084a00000|  0%| F|  |TAMS 0x0000000084900000, 0x0000000084900000| Untracked 
|  54|0x0000000084a00000, 0x0000000084a00000, 0x0000000084b00000|  0%| F|  |TAMS 0x0000000084a00000, 0x0000000084a00000| Untracked 
|  55|0x0000000084b00000, 0x0000000084b00000, 0x0000000084c00000|  0%| F|  |TAMS 0x0000000084b00000, 0x0000000084b00000| Untracked 
|  56|0x0000000084c00000, 0x0000000084c00000, 0x0000000084d00000|  0%| F|  |TAMS 0x0000000084c00000, 0x0000000084c00000| Untracked 
|  57|0x0000000084d00000, 0x0000000084d00000, 0x0000000084e00000|  0%| F|  |TAMS 0x0000000084d00000, 0x0000000084d00000| Untracked 
|  58|0x0000000084e00000, 0x0000000084e00000, 0x0000000084f00000|  0%| F|  |TAMS 0x0000000084e00000, 0x0000000084e00000| Untracked 
|  59|0x0000000084f00000, 0x0000000084f00000, 0x0000000085000000|  0%| F|  |TAMS 0x0000000084f00000, 0x0000000084f00000| Untracked 
|  60|0x0000000085000000, 0x0000000085000000, 0x0000000085100000|  0%| F|  |TAMS 0x0000000085000000, 0x0000000085000000| Untracked 
|  61|0x0000000085100000, 0x0000000085100000, 0x0000000085200000|  0%| F|  |TAMS 0x0000000085100000, 0x0000000085100000| Untracked 
|  62|0x0000000085200000, 0x0000000085200000, 0x0000000085300000|  0%| F|  |TAMS 0x0000000085200000, 0x0000000085200000| Untracked 
|  63|0x0000000085300000, 0x0000000085300000, 0x0000000085400000|  0%| F|  |TAMS 0x0000000085300000, 0x0000000085300000| Untracked 
|  64|0x0000000085400000, 0x0000000085400000, 0x0000000085500000|  0%| F|  |TAMS 0x0000000085400000, 0x0000000085400000| Untracked 
|  65|0x0000000085500000, 0x0000000085500000, 0x0000000085600000|  0%| F|  |TAMS 0x0000000085500000, 0x0000000085500000| Untracked 
|  66|0x0000000085600000, 0x0000000085600000, 0x0000000085700000|  0%| F|  |TAMS 0x0000000085600000, 0x0000000085600000| Untracked 
|  67|0x0000000085700000, 0x0000000085700000, 0x0000000085800000|  0%| F|  |TAMS 0x0000000085700000, 0x0000000085700000| Untracked 
|  68|0x0000000085800000, 0x0000000085800000, 0x0000000085900000|  0%| F|  |TAMS 0x0000000085800000, 0x0000000085800000| Untracked 
|  69|0x0000000085900000, 0x0000000085900000, 0x0000000085a00000|  0%| F|  |TAMS 0x0000000085900000, 0x0000000085900000| Untracked 
|  70|0x0000000085a00000, 0x0000000085a00000, 0x0000000085b00000|  0%| F|  |TAMS 0x0000000085a00000, 0x0000000085a00000| Untracked 
|  71|0x0000000085b00000, 0x0000000085b00000, 0x0000000085c00000|  0%| F|  |TAMS 0x0000000085b00000, 0x0000000085b00000| Untracked 
|  72|0x0000000085c00000, 0x0000000085c00000, 0x0000000085d00000|  0%| F|  |TAMS 0x0000000085c00000, 0x0000000085c00000| Untracked 
|  73|0x0000000085d00000, 0x0000000085d00000, 0x0000000085e00000|  0%| F|  |TAMS 0x0000000085d00000, 0x0000000085d00000| Untracked 
|  74|0x0000000085e00000, 0x0000000085e00000, 0x0000000085f00000|  0%| F|  |TAMS 0x0000000085e00000, 0x0000000085e00000| Untracked 
|  75|0x0000000085f00000, 0x0000000085f00000, 0x0000000086000000|  0%| F|  |TAMS 0x0000000085f00000, 0x0000000085f00000| Untracked 
|  76|0x0000000086000000, 0x0000000086000000, 0x0000000086100000|  0%| F|  |TAMS 0x0000000086000000, 0x0000000086000000| Untracked 
|  77|0x0000000086100000, 0x0000000086100000, 0x0000000086200000|  0%| F|  |TAMS 0x0000000086100000, 0x0000000086100000| Untracked 
|  78|0x0000000086200000, 0x0000000086200000, 0x0000000086300000|  0%| F|  |TAMS 0x0000000086200000, 0x0000000086200000| Untracked 
|  79|0x0000000086300000, 0x0000000086300000, 0x0000000086400000|  0%| F|  |TAMS 0x0000000086300000, 0x0000000086300000| Untracked 
|  80|0x0000000086400000, 0x0000000086400000, 0x0000000086500000|  0%| F|  |TAMS 0x0000000086400000, 0x0000000086400000| Untracked 
|  81|0x0000000086500000, 0x0000000086500000, 0x0000000086600000|  0%| F|  |TAMS 0x0000000086500000, 0x0000000086500000| Untracked 
|  82|0x0000000086600000, 0x0000000086600000, 0x0000000086700000|  0%| F|  |TAMS 0x0000000086600000, 0x0000000086600000| Untracked 
|  83|0x0000000086700000, 0x0000000086700000, 0x0000000086800000|  0%| F|  |TAMS 0x0000000086700000, 0x0000000086700000| Untracked 
|  84|0x0000000086800000, 0x0000000086800000, 0x0000000086900000|  0%| F|  |TAMS 0x0000000086800000, 0x0000000086800000| Untracked 
|  85|0x0000000086900000, 0x0000000086900000, 0x0000000086a00000|  0%| F|  |TAMS 0x0000000086900000, 0x0000000086900000| Untracked 
|  86|0x0000000086a00000, 0x0000000086a00000, 0x0000000086b00000|  0%| F|  |TAMS 0x0000000086a00000, 0x0000000086a00000| Untracked 
|  87|0x0000000086b00000, 0x0000000086b00000, 0x0000000086c00000|  0%| F|  |TAMS 0x0000000086b00000, 0x0000000086b00000| Untracked 
|  88|0x0000000086c00000, 0x0000000086c00000, 0x0000000086d00000|  0%| F|  |TAMS 0x0000000086c00000, 0x0000000086c00000| Untracked 
|  89|0x0000000086d00000, 0x0000000086d00000, 0x0000000086e00000|  0%| F|  |TAMS 0x0000000086d00000, 0x0000000086d00000| Untracked 
|  90|0x0000000086e00000, 0x0000000086e00000, 0x0000000086f00000|  0%| F|  |TAMS 0x0000000086e00000, 0x0000000086e00000| Untracked 
|  91|0x0000000086f00000, 0x0000000086f00000, 0x0000000087000000|  0%| F|  |TAMS 0x0000000086f00000, 0x0000000086f00000| Untracked 
|  92|0x0000000087000000, 0x0000000087000000, 0x0000000087100000|  0%| F|  |TAMS 0x0000000087000000, 0x0000000087000000| Untracked 
|  93|0x0000000087100000, 0x0000000087100000, 0x0000000087200000|  0%| F|  |TAMS 0x0000000087100000, 0x0000000087100000| Untracked 
|  94|0x0000000087200000, 0x0000000087200000, 0x0000000087300000|  0%| F|  |TAMS 0x0000000087200000, 0x0000000087200000| Untracked 
|  95|0x0000000087300000, 0x0000000087300000, 0x0000000087400000|  0%| F|  |TAMS 0x0000000087300000, 0x0000000087300000| Untracked 
|  96|0x0000000087400000, 0x0000000087400000, 0x0000000087500000|  0%| F|  |TAMS 0x0000000087400000, 0x0000000087400000| Untracked 
|  97|0x0000000087500000, 0x0000000087500000, 0x0000000087600000|  0%| F|  |TAMS 0x0000000087500000, 0x0000000087500000| Untracked 
|  98|0x0000000087600000, 0x0000000087600000, 0x0000000087700000|  0%| F|  |TAMS 0x0000000087600000, 0x0000000087600000| Untracked 
|  99|0x0000000087700000, 0x0000000087700000, 0x0000000087800000|  0%| F|  |TAMS 0x0000000087700000, 0x0000000087700000| Untracked 
| 100|0x0000000087800000, 0x0000000087800000, 0x0000000087900000|  0%| F|  |TAMS 0x0000000087800000, 0x0000000087800000| Untracked 
| 101|0x0000000087900000, 0x0000000087900000, 0x0000000087a00000|  0%| F|  |TAMS 0x0000000087900000, 0x0000000087900000| Untracked 
| 102|0x0000000087a00000, 0x0000000087a00000, 0x0000000087b00000|  0%| F|  |TAMS 0x0000000087a00000, 0x0000000087a00000| Untracked 
| 103|0x0000000087b00000, 0x0000000087b00000, 0x0000000087c00000|  0%| F|  |TAMS 0x0000000087b00000, 0x0000000087b00000| Untracked 
| 104|0x0000000087c00000, 0x0000000087c00000, 0x0000000087d00000|  0%| F|  |TAMS 0x0000000087c00000, 0x0000000087c00000| Untracked 
| 105|0x0000000087d00000, 0x0000000087d00000, 0x0000000087e00000|  0%| F|  |TAMS 0x0000000087d00000, 0x0000000087d00000| Untracked 
| 106|0x0000000087e00000, 0x0000000087e76448, 0x0000000087f00000| 46%| E|  |TAMS 0x0000000087e00000, 0x0000000087e00000| Complete 
| 107|0x0000000087f00000, 0x0000000088000000, 0x0000000088000000|100%| E|CS|TAMS 0x0000000087f00000, 0x0000000087f00000| Complete 
| 108|0x0000000088000000, 0x0000000088100000, 0x0000000088100000|100%| E|CS|TAMS 0x0000000088000000, 0x0000000088000000| Complete 
| 109|0x0000000088100000, 0x0000000088200000, 0x0000000088200000|100%| E|CS|TAMS 0x0000000088100000, 0x0000000088100000| Complete 
| 110|0x0000000088200000, 0x0000000088300000, 0x0000000088300000|100%| E|CS|TAMS 0x0000000088200000, 0x0000000088200000| Complete 
| 111|0x0000000088300000, 0x0000000088400000, 0x0000000088400000|100%| E|CS|TAMS 0x0000000088300000, 0x0000000088300000| Complete 
| 112|0x0000000088400000, 0x0000000088500000, 0x0000000088500000|100%| E|CS|TAMS 0x0000000088400000, 0x0000000088400000| Complete 
| 113|0x0000000088500000, 0x0000000088600000, 0x0000000088600000|100%| E|CS|TAMS 0x0000000088500000, 0x0000000088500000| Complete 
| 114|0x0000000088600000, 0x0000000088700000, 0x0000000088700000|100%| E|CS|TAMS 0x0000000088600000, 0x0000000088600000| Complete 
| 115|0x0000000088700000, 0x0000000088800000, 0x0000000088800000|100%| E|CS|TAMS 0x0000000088700000, 0x0000000088700000| Complete 
| 116|0x0000000088800000, 0x0000000088900000, 0x0000000088900000|100%| E|CS|TAMS 0x0000000088800000, 0x0000000088800000| Complete 
| 117|0x0000000088900000, 0x0000000088a00000, 0x0000000088a00000|100%| E|CS|TAMS 0x0000000088900000, 0x0000000088900000| Complete 
| 118|0x0000000088a00000, 0x0000000088b00000, 0x0000000088b00000|100%| E|CS|TAMS 0x0000000088a00000, 0x0000000088a00000| Complete 
| 119|0x0000000088b00000, 0x0000000088c00000, 0x0000000088c00000|100%| E|CS|TAMS 0x0000000088b00000, 0x0000000088b00000| Complete 
| 120|0x0000000088c00000, 0x0000000088d00000, 0x0000000088d00000|100%| E|CS|TAMS 0x0000000088c00000, 0x0000000088c00000| Complete 
| 121|0x0000000088d00000, 0x0000000088e00000, 0x0000000088e00000|100%| E|CS|TAMS 0x0000000088d00000, 0x0000000088d00000| Complete 
| 122|0x0000000088e00000, 0x0000000088f00000, 0x0000000088f00000|100%| E|CS|TAMS 0x0000000088e00000, 0x0000000088e00000| Complete 
| 123|0x0000000088f00000, 0x0000000089000000, 0x0000000089000000|100%| E|CS|TAMS 0x0000000088f00000, 0x0000000088f00000| Complete 
| 124|0x0000000089000000, 0x0000000089100000, 0x0000000089100000|100%| E|CS|TAMS 0x0000000089000000, 0x0000000089000000| Complete 
| 125|0x0000000089100000, 0x0000000089200000, 0x0000000089200000|100%| E|CS|TAMS 0x0000000089100000, 0x0000000089100000| Complete 
| 126|0x0000000089200000, 0x0000000089300000, 0x0000000089300000|100%| E|CS|TAMS 0x0000000089200000, 0x0000000089200000| Complete 
| 127|0x0000000089300000, 0x0000000089400000, 0x0000000089400000|100%| E|CS|TAMS 0x0000000089300000, 0x0000000089300000| Complete 

Card table byte_map: [0x000002935c550000,0x000002935c950000] _byte_map_base: 0x000002935c146000

Marking Bits (Prev, Next): (CMBitMap*) 0x000002934560be60, (CMBitMap*) 0x000002934560bea0
 Prev Bits: [0x000002935cd50000, 0x000002935ed00000)
 Next Bits: [0x000002935ed00000, 0x0000029360cb0000)

Polling page: 0x0000029343470000

Metaspace:

Usage:
  Non-class:     11.11 MB used.
      Class:      1.40 MB used.
       Both:     12.51 MB used.

Virtual space:
  Non-class space:       16.00 MB reserved,      11.25 MB ( 70%) committed,  2 nodes.
      Class space:        1.00 GB reserved,       1.50 MB ( <1%) committed,  1 nodes.
             Both:        1.02 GB reserved,      12.75 MB (  1%) committed. 

Chunk freelists:
   Non-Class:  816.00 KB
       Class:  2.51 MB
        Both:  3.30 MB

MaxMetaspaceSize: unlimited
CompressedClassSpaceSize: 1.00 GB
Initial GC threshold: 21.00 MB
Current GC threshold: 21.00 MB
CDS: on
MetaspaceReclaimPolicy: balanced
 - commit_granule_bytes: 65536.
 - commit_granule_words: 8192.
 - virtual_space_node_default_size: 1048576.
 - enlarge_chunks_in_place: 1.
 - new_chunks_are_fully_committed: 0.
 - uncommit_free_chunks: 1.
 - use_allocation_guard: 0.
 - handle_deallocations: 1.


Internal statistics:

num_allocs_failed_limit: 0.
num_arena_births: 156.
num_arena_deaths: 0.
num_vsnodes_births: 3.
num_vsnodes_deaths: 0.
num_space_committed: 204.
num_space_uncommitted: 0.
num_chunks_returned_to_freelist: 0.
num_chunks_taken_from_freelist: 319.
num_chunk_merges: 0.
num_chunk_splits: 200.
num_chunks_enlarged: 112.
num_purges: 0.
num_inconsistent_stats: 0.

CodeHeap 'non-profiled nmethods': size=120000Kb used=497Kb max_used=497Kb free=119502Kb
 bounds [0x00000293548f0000, 0x0000029354b60000, 0x000002935be20000]
CodeHeap 'profiled nmethods': size=120000Kb used=2819Kb max_used=2819Kb free=117180Kb
 bounds [0x000002934d3c0000, 0x000002934d690000, 0x00000293548f0000]
CodeHeap 'non-nmethods': size=5760Kb used=1306Kb max_used=1321Kb free=4453Kb
 bounds [0x000002934ce20000, 0x000002934d090000, 0x000002934d3c0000]
 total_blobs=2297 nmethods=1655 adapters=554
 compilation: enabled
              stopped_count=0, restarted_count=0
 full_count=0

Compilation events (20 events):
Event: 12.595 Thread 0x0000029363691ba0 1641       4       java.lang.StringUTF16::length (5 bytes)
Event: 12.596 Thread 0x00000293636bc980 nmethod 1634 0x000002934d674b90 code [0x000002934d674d80, 0x000002934d675498]
Event: 12.596 Thread 0x00000293636bc980 1635       3       sun.nio.cs.StreamEncoder::ensureOpen (18 bytes)
Event: 12.596 Thread 0x0000029363691ba0 nmethod 1641 0x000002935496bf90 code [0x000002935496c100, 0x000002935496c178]
Event: 12.596 Thread 0x00000293636bc980 nmethod 1635 0x000002934d675690 code [0x000002934d675840, 0x000002934d675a48]
Event: 12.596 Thread 0x00000293636bc980 1636       3       sun.nio.cs.UTF_8$Encoder::encodeLoop (28 bytes)
Event: 12.596 Thread 0x00000293636bc980 nmethod 1636 0x000002934d675b10 code [0x000002934d675ce0, 0x000002934d6760f8]
Event: 12.597 Thread 0x00000293636bc980 1648       3       java.lang.StringUTF16::indexOfCharUnsafe (30 bytes)
Event: 12.597 Thread 0x00000293636bc980 nmethod 1648 0x000002934d676290 code [0x000002934d676440, 0x000002934d676658]
Event: 12.597 Thread 0x00000293636bc980 1637       3       sun.nio.cs.UTF_8$Encoder::encodeArrayLoop (137 bytes)
Event: 12.600 Thread 0x00000293636bc980 nmethod 1637 0x000002934d676790 code [0x000002934d676b20, 0x000002934d678098]
Event: 12.600 Thread 0x00000293636bc980 1638       3       java.lang.System$2::encodeASCII (11 bytes)
Event: 12.600 Thread 0x00000293636bc980 nmethod 1638 0x000002934d678910 code [0x000002934d678aa0, 0x000002934d678be8]
Event: 12.600 Thread 0x00000293636bc980 1649       3       sun.nio.cs.StreamEncoder::writeBytes (139 bytes)
Event: 12.601 Thread 0x00000293636bc980 nmethod 1649 0x000002934d678c90 code [0x000002934d678f00, 0x000002934d6798b8]
Event: 12.601 Thread 0x00000293636bc980 1643       3       java.io.OutputStreamWriter::write (11 bytes)
Event: 12.601 Thread 0x00000293636bc980 nmethod 1643 0x000002934d679c90 code [0x000002934d679e40, 0x000002934d679fa8]
Event: 12.602 Thread 0x00000293636bc980 1644   !   3       sun.nio.cs.StreamEncoder::write (78 bytes)
Event: 12.603 Thread 0x00000293636bc980 nmethod 1644 0x000002934d67a090 code [0x000002934d67a2c0, 0x000002934d67a9b8]
Event: 12.603 Thread 0x00000293636bc980 1651   !   3       java.io.PrintStream::write (69 bytes)

GC Heap History (0 events):
No events

Deoptimization events (20 events):
Event: 1.107 Thread 0x0000029364423b70 DEOPT PACKING pc=0x00000293549348dc sp=0x000000eb271fd5d0
Event: 1.107 Thread 0x0000029364423b70 DEOPT UNPACKING pc=0x000002934ce723a3 sp=0x000000eb271fd530 mode 2
Event: 1.158 Thread 0x0000029364423b70 Uncommon trap: trap_request=0xffffff45 fr.pc=0x000002935493a690 relative=0x0000000000000e10
Event: 1.158 Thread 0x0000029364423b70 Uncommon trap: reason=unstable_if action=reinterpret pc=0x000002935493a690 method=java.util.HashMap.putVal(ILjava/lang/Object;Ljava/lang/Object;ZZ)Ljava/lang/Object; @ 81 c2
Event: 1.158 Thread 0x0000029364423b70 DEOPT PACKING pc=0x000002935493a690 sp=0x000000eb271fdcd0
Event: 1.158 Thread 0x0000029364423b70 DEOPT UNPACKING pc=0x000002934ce723a3 sp=0x000000eb271fdc00 mode 2
Event: 1.175 Thread 0x0000029364423b70 DEOPT PACKING pc=0x000002934d4cc7d6 sp=0x000000eb271fe390
Event: 1.175 Thread 0x0000029364423b70 DEOPT UNPACKING pc=0x000002934ce72b43 sp=0x000000eb271fd830 mode 0
Event: 2.821 Thread 0x0000029364423b70 DEOPT PACKING pc=0x000002934d62b380 sp=0x000000eb271fd460
Event: 2.821 Thread 0x0000029364423b70 DEOPT UNPACKING pc=0x000002934ce72b43 sp=0x000000eb271fc8d0 mode 0
Event: 2.821 Thread 0x0000029364423b70 DEOPT PACKING pc=0x000002934d62b380 sp=0x000000eb271fd460
Event: 2.821 Thread 0x0000029364423b70 DEOPT UNPACKING pc=0x000002934ce72b43 sp=0x000000eb271fc8d0 mode 0
Event: 12.578 Thread 0x00000293660d5bb0 Uncommon trap: trap_request=0xffffff45 fr.pc=0x000002935492c0b8 relative=0x0000000000000038
Event: 12.578 Thread 0x00000293660d5bb0 Uncommon trap: reason=unstable_if action=reinterpret pc=0x000002935492c0b8 method=java.lang.StringLatin1.canEncode(I)Z @ 4 c2
Event: 12.578 Thread 0x00000293660d5bb0 DEOPT PACKING pc=0x000002935492c0b8 sp=0x000000eb275ff200
Event: 12.578 Thread 0x00000293660d5bb0 DEOPT UNPACKING pc=0x000002934ce723a3 sp=0x000000eb275ff190 mode 2
Event: 12.578 Thread 0x00000293660d5bb0 Uncommon trap: trap_request=0xffffff45 fr.pc=0x000002935493bbd4 relative=0x0000000000000154
Event: 12.578 Thread 0x00000293660d5bb0 Uncommon trap: reason=unstable_if action=reinterpret pc=0x000002935493bbd4 method=java.lang.String.indexOf(II)I @ 4 c2
Event: 12.578 Thread 0x00000293660d5bb0 DEOPT PACKING pc=0x000002935493bbd4 sp=0x000000eb275ff1d0
Event: 12.578 Thread 0x00000293660d5bb0 DEOPT UNPACKING pc=0x000002934ce723a3 sp=0x000000eb275ff100 mode 2

Classes unloaded (0 events):
No events

Classes redefined (0 events):
No events

Internal exceptions (17 events):
Event: 0.158 Thread 0x00000293455ca940 Exception <a 'java/lang/ClassNotFoundException'{0x0000000089105a58}: sun/awt/resources/spi/awtProvider> (0x0000000089105a58) 
thrown [t:\workspace\open\src\hotspot\share\classfile\systemDictionary.cpp, line 256]
Event: 0.183 Thread 0x00000293642467d0 Exception <a 'java/lang/NoSuchMethodError'{0x000000008917aa70}: 'java.lang.Object java.lang.invoke.DirectMethodHandle$Holder.invokeStaticInit(java.lang.Object)'> (0x000000008917aa70) 
thrown [t:\workspace\open\src\hotspot\share\interpreter\linkResolver.cpp, line 766]
Event: 0.195 Thread 0x00000293642467d0 Exception <a 'java/lang/NoSuchMethodError'{0x0000000089187f00}: 'void java.lang.invoke.DirectMethodHandle$Holder.invokeStatic(java.lang.Object, java.lang.Object)'> (0x0000000089187f00) 
thrown [t:\workspace\open\src\hotspot\share\interpreter\linkResolver.cpp, line 766]
Event: 0.198 Thread 0x00000293455ca940 Exception <a 'java/io/FileNotFoundException'{0x000000008915b3e0}> (0x000000008915b3e0) 
thrown [t:\workspace\open\src\hotspot\share\prims\jni.cpp, line 516]
Event: 0.208 Thread 0x00000293455ca940 Exception <a 'java/io/FileNotFoundException'{0x00000000891fe1f8}> (0x00000000891fe1f8) 
thrown [t:\workspace\open\src\hotspot\share\prims\jni.cpp, line 516]
Event: 0.288 Thread 0x0000029364423b70 Exception <a 'java/lang/NoSuchMethodError'{0x0000000088f23230}: 'void java.lang.invoke.DirectMethodHandle$Holder.invokeSpecial(java.lang.Object, java.lang.Object, java.lang.Object)'> (0x0000000088f23230) 
thrown [t:\workspace\open\src\hotspot\share\interpreter\linkResolver.cpp, line 766]
Event: 0.299 Thread 0x0000029364423b70 Exception <a 'java/lang/NoSuchMethodError'{0x0000000088f4d410}: 'java.lang.Object java.lang.invoke.DirectMethodHandle$Holder.newInvokeSpecial(java.lang.Object, java.lang.Object, java.lang.Object, java.lang.Object, java.lang.Object)'> (0x0000000088f4d410) 
thrown [t:\workspace\open\src\hotspot\share\interpreter\linkResolver.cpp, line 766]
Event: 0.301 Thread 0x0000029364423b70 Exception <a 'java/lang/NoSuchMethodError'{0x0000000088f58dd8}: 'java.lang.Object java.lang.invoke.DirectMethodHandle$Holder.invokeStatic(java.lang.Object, int, java.lang.Object, java.lang.Object, java.lang.Object, java.lang.Object)'> (0x0000000088f58dd8) 
thrown [t:\workspace\open\src\hotspot\share\interpreter\linkResolver.cpp, line 766]
Event: 0.305 Thread 0x0000029364423b70 Exception <a 'java/lang/NoSuchMethodError'{0x0000000088f7e7d8}: 'java.lang.Object java.lang.invoke.DirectMethodHandle$Holder.invokeStatic(java.lang.Object, int, java.lang.Object)'> (0x0000000088f7e7d8) 
thrown [t:\workspace\open\src\hotspot\share\interpreter\linkResolver.cpp, line 766]
Event: 0.339 Thread 0x0000029364423b70 Exception <a 'java/lang/ClassNotFoundException'{0x0000000088e396f0}: com/sun/swing/internal/plaf/metal/resources/spi/metalProvider> (0x0000000088e396f0) 
thrown [t:\workspace\open\src\hotspot\share\classfile\systemDictionary.cpp, line 256]
Event: 0.340 Thread 0x0000029364423b70 Exception <a 'java/lang/ClassNotFoundException'{0x0000000088e3d5a8}: com/sun/swing/internal/plaf/basic/resources/spi/basicProvider> (0x0000000088e3d5a8) 
thrown [t:\workspace\open\src\hotspot\share\classfile\systemDictionary.cpp, line 256]
Event: 0.860 Thread 0x00000293644fcda0 Exception <a 'java/lang/NoSuchMethodError'{0x0000000088d857a8}: 'java.lang.Object java.lang.invoke.DirectMethodHandle$Holder.newInvokeSpecial(java.lang.Object, java.lang.Object, java.lang.Object, int, int, int, int, int)'> (0x0000000088d857a8) 
thrown [t:\workspace\open\src\hotspot\share\interpreter\linkResolver.cpp, line 766]
Event: 0.967 Thread 0x0000029364423b70 Exception <a 'java/lang/NoSuchMethodError'{0x0000000088b688e0}: 'java.lang.Object java.lang.invoke.DirectMethodHandle$Holder.invokeInterface(java.lang.Object, java.lang.Object)'> (0x0000000088b688e0) 
thrown [t:\workspace\open\src\hotspot\share\interpreter\linkResolver.cpp, line 766]
Event: 0.992 Thread 0x0000029364423b70 Exception <a 'java/lang/NoSuchMethodError'{0x0000000088bee790}: 'void java.lang.invoke.DirectMethodHandle$Holder.invokeStatic(java.lang.Object, java.lang.Object, java.lang.Object)'> (0x0000000088bee790) 
thrown [t:\workspace\open\src\hotspot\share\interpreter\linkResolver.cpp, line 766]
Event: 0.995 Thread 0x0000029364423b70 Exception <a 'java/lang/NoSuchMethodError'{0x0000000088bf8a20}: 'java.lang.Object java.lang.invoke.DirectMethodHandle$Holder.invokeVirtual(java.lang.Object, java.lang.Object, java.lang.Object)'> (0x0000000088bf8a20) 
thrown [t:\workspace\open\src\hotspot\share\interpreter\linkResolver.cpp, line 766]
Event: 1.288 Thread 0x00000293643c3200 Exception <a 'java/lang/NoSuchMethodError'{0x0000000089085a08}: 'void java.lang.invoke.DirectMethodHandle$Holder.invokeVirtual(java.lang.Object, java.lang.Object)'> (0x0000000089085a08) 
thrown [t:\workspace\open\src\hotspot\share\interpreter\linkResolver.cpp, line 766]
Event: 1.300 Thread 0x0000029364423b70 Exception <a 'java/lang/NoSuchMethodError'{0x0000000088265928}: 'void java.lang.invoke.DirectMethodHandle$Holder.invokeStaticInit(java.lang.Object)'> (0x0000000088265928) 
thrown [t:\workspace\open\src\hotspot\share\interpreter\linkResolver.cpp, line 766]

VM Operations (20 events):
Event: 0.075 Executing VM operation: HandshakeAllThreads
Event: 0.075 Executing VM operation: HandshakeAllThreads done
Event: 0.181 Executing VM operation: HandshakeAllThreads
Event: 0.181 Executing VM operation: HandshakeAllThreads done
Event: 0.810 Executing VM operation: HandshakeAllThreads
Event: 0.810 Executing VM operation: HandshakeAllThreads done
Event: 0.839 Executing VM operation: HandshakeAllThreads
Event: 0.839 Executing VM operation: HandshakeAllThreads done
Event: 0.918 Executing VM operation: HandshakeAllThreads
Event: 0.918 Executing VM operation: HandshakeAllThreads done
Event: 1.235 Executing VM operation: ICBufferFull
Event: 1.235 Executing VM operation: ICBufferFull done
Event: 1.392 Executing VM operation: HandshakeAllThreads
Event: 1.392 Executing VM operation: HandshakeAllThreads done
Event: 2.397 Executing VM operation: Cleanup
Event: 2.397 Executing VM operation: Cleanup done
Event: 3.405 Executing VM operation: Cleanup
Event: 3.405 Executing VM operation: Cleanup done
Event: 11.458 Executing VM operation: Cleanup
Event: 11.458 Executing VM operation: Cleanup done

Events (20 events):
Event: 3.101 loading class java/awt/peer/DialogPeer
Event: 3.101 loading class java/awt/peer/DialogPeer done
Event: 3.101 loading class sun/awt/windows/WDialogPeer done
Event: 3.138 Thread 0x00000293660d5bb0 Thread added: 0x00000293660d5bb0
Event: 3.151 loading class javax/swing/Timer$1
Event: 3.151 loading class javax/swing/Timer$1 done
Event: 3.343 loading class java/io/InterruptedIOException
Event: 3.343 loading class java/io/InterruptedIOException done
Event: 5.887 Thread 0x00000293644fcda0 Thread exited: 0x00000293644fcda0
Event: 11.020 loading class java/awt/LightweightDispatcher$2
Event: 11.020 loading class java/awt/LightweightDispatcher$2 done
Event: 12.576 loading class jdk/internal/misc/Signal$1
Event: 12.576 loading class jdk/internal/misc/Signal$1 done
Event: 12.577 Thread 0x00000293660d6080 Thread added: 0x00000293660d6080
Event: 12.577 Thread 0x00000293660d5210 Thread added: 0x00000293660d5210
Event: 12.577 Thread 0x00000293660d6550 Thread added: 0x00000293660d6550
Event: 12.577 Thread 0x00000293660d3060 Thread added: 0x00000293660d3060
Event: 12.577 Thread 0x00000293660d5210 Thread exited: 0x00000293660d5210
Event: 12.578 Thread 0x00000293660d3060 Thread exited: 0x00000293660d3060
Event: 12.595 Thread 0x00000293643c3200 Thread exited: 0x00000293643c3200


Dynamic libraries:
0x00007ff61b370000 - 0x00007ff61b37e000 	C:\Users\Sando\.jdks\openjdk-17.0.2\bin\java.exe
0x00007ffe21830000 - 0x00007ffe21a25000 	C:\WINDOWS\SYSTEM32\ntdll.dll
0x00007ffe1f890000 - 0x00007ffe1f94e000 	C:\WINDOWS\System32\KERNEL32.DLL
0x00007ffe1ef80000 - 0x00007ffe1f248000 	C:\WINDOWS\System32\KERNELBASE.dll
0x00007ffe1f370000 - 0x00007ffe1f470000 	C:\WINDOWS\System32\ucrtbase.dll
0x00007ffe180f0000 - 0x00007ffe1810a000 	C:\Users\Sando\.jdks\openjdk-17.0.2\bin\VCRUNTIME140.dll
0x00007ffe18170000 - 0x00007ffe18188000 	C:\Users\Sando\.jdks\openjdk-17.0.2\bin\jli.dll
0x00007ffe1fa00000 - 0x00007ffe1fba0000 	C:\WINDOWS\System32\USER32.dll
0x00007ffe1ef50000 - 0x00007ffe1ef72000 	C:\WINDOWS\System32\win32u.dll
0x00007ffe03e90000 - 0x00007ffe0412a000 	C:\WINDOWS\WinSxS\amd64_microsoft.windows.common-controls_6595b64144ccf1df_6.0.19041.1110_none_60b5254171f9507e\COMCTL32.dll
0x00007ffe1fdf0000 - 0x00007ffe1fe1b000 	C:\WINDOWS\System32\GDI32.dll
0x00007ffe1fe20000 - 0x00007ffe1febe000 	C:\WINDOWS\System32\msvcrt.dll
0x00007ffe1f730000 - 0x00007ffe1f83b000 	C:\WINDOWS\System32\gdi32full.dll
0x00007ffe1f470000 - 0x00007ffe1f50d000 	C:\WINDOWS\System32\msvcp_win.dll
0x00007ffe209c0000 - 0x00007ffe209f0000 	C:\WINDOWS\System32\IMM32.DLL
0x00007ffe18bc0000 - 0x00007ffe18bcc000 	C:\Users\Sando\.jdks\openjdk-17.0.2\bin\vcruntime140_1.dll
0x00007ffe09db0000 - 0x00007ffe09e3d000 	C:\Users\Sando\.jdks\openjdk-17.0.2\bin\msvcp140.dll
0x00007ffdbabd0000 - 0x00007ffdbb791000 	C:\Users\Sando\.jdks\openjdk-17.0.2\bin\server\jvm.dll
0x00007ffe20ee0000 - 0x00007ffe20f8e000 	C:\WINDOWS\System32\ADVAPI32.dll
0x00007ffe1fba0000 - 0x00007ffe1fc3c000 	C:\WINDOWS\System32\sechost.dll
0x00007ffe20530000 - 0x00007ffe20655000 	C:\WINDOWS\System32\RPCRT4.dll
0x00007ffe20490000 - 0x00007ffe20498000 	C:\WINDOWS\System32\PSAPI.DLL
0x00007ffe0c7d0000 - 0x00007ffe0c7d9000 	C:\WINDOWS\SYSTEM32\WSOCK32.dll
0x00007ffe14a20000 - 0x00007ffe14a47000 	C:\WINDOWS\SYSTEM32\WINMM.dll
0x00007ffe15320000 - 0x00007ffe1532a000 	C:\WINDOWS\SYSTEM32\VERSION.dll
0x00007ffe20790000 - 0x00007ffe207fb000 	C:\WINDOWS\System32\WS2_32.dll
0x00007ffe1ce40000 - 0x00007ffe1ce52000 	C:\WINDOWS\SYSTEM32\kernel.appcore.dll
0x00007ffe16740000 - 0x00007ffe1674a000 	C:\Users\Sando\.jdks\openjdk-17.0.2\bin\jimage.dll
0x00007ffe15fc0000 - 0x00007ffe161a4000 	C:\WINDOWS\SYSTEM32\DBGHELP.DLL
0x00007ffe15e00000 - 0x00007ffe15e2c000 	C:\WINDOWS\SYSTEM32\dbgcore.DLL
0x00007ffe1f510000 - 0x00007ffe1f592000 	C:\WINDOWS\System32\bcryptPrimitives.dll
0x00007ffe16730000 - 0x00007ffe1673e000 	C:\Users\Sando\.jdks\openjdk-17.0.2\bin\instrument.dll
0x00007ffe13b90000 - 0x00007ffe13bb5000 	C:\Users\Sando\.jdks\openjdk-17.0.2\bin\java.dll
0x00007ffe065c0000 - 0x00007ffe06696000 	C:\Users\Sando\.jdks\openjdk-17.0.2\bin\jsvml.dll
0x00007ffe21040000 - 0x00007ffe21784000 	C:\WINDOWS\System32\SHELL32.dll
0x00007ffe1d060000 - 0x00007ffe1d7f4000 	C:\WINDOWS\SYSTEM32\windows.storage.dll
0x00007ffe20b80000 - 0x00007ffe20ed4000 	C:\WINDOWS\System32\combase.dll
0x00007ffe1e940000 - 0x00007ffe1e96c000 	C:\WINDOWS\SYSTEM32\Wldp.dll
0x00007ffe1f950000 - 0x00007ffe1f9fd000 	C:\WINDOWS\System32\SHCORE.dll
0x00007ffe20ac0000 - 0x00007ffe20b15000 	C:\WINDOWS\System32\shlwapi.dll
0x00007ffe1ee90000 - 0x00007ffe1eeaf000 	C:\WINDOWS\SYSTEM32\profapi.dll
0x00007ffe0e5e0000 - 0x00007ffe0e5f8000 	C:\Users\Sando\.jdks\openjdk-17.0.2\bin\zip.dll
0x00007ffe118b0000 - 0x00007ffe118c9000 	C:\Users\Sando\.jdks\openjdk-17.0.2\bin\net.dll
0x00007ffe199b0000 - 0x00007ffe19ab9000 	C:\WINDOWS\SYSTEM32\WINHTTP.dll
0x00007ffe1e6a0000 - 0x00007ffe1e70a000 	C:\WINDOWS\system32\mswsock.dll
0x00007ffe0e650000 - 0x00007ffe0e666000 	C:\Users\Sando\.jdks\openjdk-17.0.2\bin\nio.dll
0x00007ffe0b070000 - 0x00007ffe0b08a000 	C:\Program Files\JetBrains\IntelliJ IDEA 2021.3.2\bin\breakgen64.dll
0x00007ffdf8f10000 - 0x00007ffdf909e000 	C:\Users\Sando\.jdks\openjdk-17.0.2\bin\awt.dll
0x00007ffe209f0000 - 0x00007ffe20abd000 	C:\WINDOWS\System32\OLEAUT32.dll
0x00007ffe1c770000 - 0x00007ffe1c800000 	C:\WINDOWS\SYSTEM32\apphelp.dll
0x00007ffe1c8e0000 - 0x00007ffe1c97e000 	C:\WINDOWS\system32\uxtheme.dll
0x00007ffe18c00000 - 0x00007ffe18de1000 	C:\Program Files (x86)\Stardock\Fences\FencesMenu64.dll
0x00007ffe20660000 - 0x00007ffe2078a000 	C:\WINDOWS\System32\ole32.dll
0x00007ffe1af40000 - 0x00007ffe1af54000 	C:\WINDOWS\SYSTEM32\WTSAPI32.dll
0x00007ffe1ee10000 - 0x00007ffe1ee3e000 	C:\WINDOWS\SYSTEM32\USERENV.dll
0x00007ffdea790000 - 0x00007ffdea935000 	C:\WINDOWS\WinSxS\amd64_microsoft.windows.gdiplus_6595b64144ccf1df_1.1.19041.1566_none_91a49058cc87e409\gdiplus.dll
0x00007ffe20820000 - 0x00007ffe20936000 	C:\WINDOWS\System32\MSCTF.dll
0x00007ffe1ca70000 - 0x00007ffe1ca9f000 	C:\WINDOWS\system32\DWMAPI.DLL
0x00007ffe03610000 - 0x00007ffe03644000 	C:\Users\Sando\AppData\Local\Temp\jSerialComm\1653674645269-jSerialComm.dll
0x00007ffe1ffa0000 - 0x00007ffe20410000 	C:\WINDOWS\System32\SETUPAPI.dll
0x00007ffe1f840000 - 0x00007ffe1f88e000 	C:\WINDOWS\System32\cfgmgr32.dll
0x00007ffe1f700000 - 0x00007ffe1f727000 	C:\WINDOWS\System32\bcrypt.dll
0x00007ffe1ecf0000 - 0x00007ffe1ed23000 	C:\WINDOWS\SYSTEM32\DEVOBJ.dll
0x00007ffe1f250000 - 0x00007ffe1f2b8000 	C:\WINDOWS\System32\WINTRUST.dll
0x00007ffe1f5a0000 - 0x00007ffe1f6f6000 	C:\WINDOWS\System32\CRYPT32.dll
0x00007ffe1eac0000 - 0x00007ffe1ead2000 	C:\WINDOWS\SYSTEM32\MSASN1.dll
0x00007ffdf7990000 - 0x00007ffdf7ab6000 	C:\WINDOWS\system32\opengl32.dll
0x00007ffe06ee0000 - 0x00007ffe06f0c000 	C:\WINDOWS\SYSTEM32\GLU32.dll
0x00007ffde80c0000 - 0x00007ffde8149000 	C:\Users\Sando\.jdks\openjdk-17.0.2\bin\freetype.dll
0x00007ffde8010000 - 0x00007ffde80b8000 	C:\Users\Sando\.jdks\openjdk-17.0.2\bin\fontmanager.dll
0x00007ffe1e3d0000 - 0x00007ffe1e49a000 	C:\WINDOWS\SYSTEM32\DNSAPI.dll
0x00007ffe1e390000 - 0x00007ffe1e3cb000 	C:\WINDOWS\SYSTEM32\IPHLPAPI.DLL
0x00007ffe20470000 - 0x00007ffe20478000 	C:\WINDOWS\System32\NSI.dll
0x00007ffe18070000 - 0x00007ffe1807a000 	C:\Windows\System32\rasadhlp.dll
0x00007ffe153c0000 - 0x00007ffe1543f000 	C:\WINDOWS\System32\fwpuclnt.dll
0x00007ffe0a300000 - 0x00007ffe0a3f9000 	C:\WINDOWS\SYSTEM32\textinputframework.dll
0x00007ffe1bd30000 - 0x00007ffe1c08e000 	C:\WINDOWS\System32\CoreUIComponents.dll
0x00007ffe1c090000 - 0x00007ffe1c182000 	C:\WINDOWS\System32\CoreMessaging.dll
0x00007ffe1dc50000 - 0x00007ffe1dc83000 	C:\WINDOWS\SYSTEM32\ntmarta.dll
0x00007ffe1a810000 - 0x00007ffe1a964000 	C:\WINDOWS\SYSTEM32\wintypes.dll
0x00007ffdf3610000 - 0x00007ffdf3676000 	C:\WINDOWS\system32\Oleacc.dll

dbghelp: loaded successfully - version: 4.0.5 - missing functions: none
symbol engine: initialized successfully - sym options: 0x614 - pdb path: .;C:\Users\Sando\.jdks\openjdk-17.0.2\bin;C:\WINDOWS\SYSTEM32;C:\WINDOWS\WinSxS\amd64_microsoft.windows.common-controls_6595b64144ccf1df_6.0.19041.1110_none_60b5254171f9507e;C:\Users\Sando\.jdks\openjdk-17.0.2\bin\server;C:\Program Files\JetBrains\IntelliJ IDEA 2021.3.2\bin;C:\Program Files (x86)\Stardock\Fences;C:\WINDOWS\WinSxS\amd64_microsoft.windows.gdiplus_6595b64144ccf1df_1.1.19041.1566_none_91a49058cc87e409;C:\Users\Sando\AppData\Local\Temp\jSerialComm

VM Arguments:
jvm_args: -javaagent:C:\Program Files\JetBrains\IntelliJ IDEA 2021.3.2\lib\idea_rt.jar=61365:C:\Program Files\JetBrains\IntelliJ IDEA 2021.3.2\bin -Dfile.encoding=UTF-8 
java_command: com.sandor.UltraSpaceSortingMachine
java_class_path (initial): C:\Users\Sando\IdeaProjects\UltraSpaceSortingMachine\out\production\untitled104;C:\Users\Sando\IdeaProjects\UltraSpaceSortingMachine\jSerialComm-2.9.1.jar;C:\Users\Sando\IdeaProjects\UltraSpaceSortingMachine\mysql-connector-java-8.0.28.jar
Launcher Type: SUN_STANDARD

[Global flags]
     intx CICompilerCount                          = 4                                         {product} {ergonomic}
     uint ConcGCThreads                            = 2                                         {product} {ergonomic}
     uint G1ConcRefinementThreads                  = 8                                         {product} {ergonomic}
   size_t G1HeapRegionSize                         = 1048576                                   {product} {ergonomic}
    uintx GCDrainStackTargetSize                   = 64                                        {product} {ergonomic}
   size_t InitialHeapSize                          = 134217728                                 {product} {ergonomic}
   size_t MarkStackSize                            = 4194304                                   {product} {ergonomic}
   size_t MaxHeapSize                              = 2126512128                                {product} {ergonomic}
   size_t MaxNewSize                               = 1275068416                                {product} {ergonomic}
   size_t MinHeapDeltaBytes                        = 1048576                                   {product} {ergonomic}
   size_t MinHeapSize                              = 8388608                                   {product} {ergonomic}
    uintx NonNMethodCodeHeapSize                   = 5839372                                {pd product} {ergonomic}
    uintx NonProfiledCodeHeapSize                  = 122909434                              {pd product} {ergonomic}
    uintx ProfiledCodeHeapSize                     = 122909434                              {pd product} {ergonomic}
    uintx ReservedCodeCacheSize                    = 251658240                              {pd product} {ergonomic}
     bool SegmentedCodeCache                       = true                                      {product} {ergonomic}
   size_t SoftMaxHeapSize                          = 2126512128                             {manageable} {ergonomic}
     bool UseCompressedClassPointers               = true                           {product lp64_product} {ergonomic}
     bool UseCompressedOops                        = true                           {product lp64_product} {ergonomic}
     bool UseG1GC                                  = true                                      {product} {ergonomic}
     bool UseLargePagesIndividualAllocation        = false                                  {pd product} {ergonomic}

Logging:
Log output configuration:
 #0: stdout all=warning uptime,level,tags
 #1: stderr all=off uptime,level,tags

Environment Variables:
PATH=C:\WINDOWS\system32;C:\WINDOWS;C:\WINDOWS\System32\Wbem;C:\WINDOWS\System32\WindowsPowerShell\v1.0\;C:\WINDOWS\System32\OpenSSH\;C:\Users\Sando\AppData\Local\Microsoft\WindowsApps;C:\Users\Sando\AppData\Local\GitHubDesktop\bin;
USERNAME=Sando
OS=Windows_NT
PROCESSOR_IDENTIFIER=Intel64 Family 6 Model 142 Stepping 10, GenuineIntel



---------------  S Y S T E M  ---------------

OS:
 Windows 10 , 64 bit Build 19041 (10.0.19041.1566)
OS uptime: 28 days 20:15 hours

CPU: total 8 (initial active 8) (4 cores per cpu, 2 threads per core) family 6 model 142 stepping 10 microcode 0xec, cx8, cmov, fxsr, ht, mmx, 3dnowpref, sse, sse2, sse3, ssse3, sse4.1, sse4.2, popcnt, lzcnt, tsc, tscinvbit, avx, avx2, aes, erms, clmul, bmi1, bmi2, rtm, adx, fma, vzeroupper, clflush, clflushopt

Memory: 4k page, system-wide physical 8108M (1076M free)
TotalPageFile size 20649M (AvailPageFile size 3488M)
current process WorkingSet (physical memory assigned to process): 86M, peak: 92M
current process commit charge ("private bytes"): 232M, peak: 237M

vm_info: OpenJDK 64-Bit Server VM (17.0.2+8-86) for windows-amd64 JRE (17.0.2+8-86), built on Dec  7 2021 21:49:10 by "mach5one" with MS VC++ 16.8 / 16.9 (VS2019)

END.
