#
# A fatal error has been detected by the Java Runtime Environment:
#
#  EXCEPTION_ACCESS_VIOLATION (0xc0000005) at pc=0x00007ffe21893416, pid=18096, tid=25412
#
# JRE version: OpenJDK Runtime Environment (17.0.2+8) (build 17.0.2+8-86)
# Java VM: OpenJDK 64-Bit Server VM (17.0.2+8-86, mixed mode, sharing, tiered, compressed oops, compressed class ptrs, g1 gc, windows-amd64)
# Problematic frame:
# C  [ntdll.dll+0x63416]
#
# No core dump will be written. Minidumps are not enabled by default on client versions of Windows
#
# If you would like to submit a bug report, please visit:
#   https://bugreport.java.com/bugreport/crash.jsp
# The crash happened outside the Java Virtual Machine in native code.
# See problematic frame for where to report the bug.
#

---------------  S U M M A R Y ------------

Command Line: -javaagent:C:\Program Files\JetBrains\IntelliJ IDEA 2021.3.2\lib\idea_rt.jar=59681:C:\Program Files\JetBrains\IntelliJ IDEA 2021.3.2\bin -Dfile.encoding=UTF-8 com.sandor.UltraSpaceSortingMachine

Host: Intel(R) Core(TM) i7-8650U CPU @ 1.90GHz, 8 cores, 7G,  Windows 10 , 64 bit Build 19041 (10.0.19041.1566)
Time: Fri May 27 19:27:45 2022 W. Europe Summer Time elapsed time: 30.751025 seconds (0d 0h 0m 30s)

---------------  T H R E A D  ---------------

Current thread (0x000001b76c2a8db0):  JavaThread "Thread-1" [_thread_in_native, id=25412, stack(0x000000860eb00000,0x000000860ec00000)]

Stack: [0x000000860eb00000,0x000000860ec00000],  sp=0x000000860ebff300,  free space=1020k
Native frames: (J=compiled Java code, j=interpreted, Vv=VM code, C=native code)
C  [ntdll.dll+0x63416]
C  [ntdll.dll+0x2fcb4]
C  [ntdll.dll+0x2fae2]
C  [1653672435222-jSerialComm.dll+0x3cb2]

Java frames: (J=compiled Java code, j=interpreted, Vv=VM code)
j  com.fazecast.jSerialComm.SerialPort.closePortNative(J)J+0
j  com.fazecast.jSerialComm.SerialPort.closePort()Z+29
j  com.sandor.ArduinoConnector.readString()Ljava/lang/String;+73
j  com.sandor.threads.SorteerProces.run()V+22
v  ~StubRoutines::call_stub

siginfo: EXCEPTION_ACCESS_VIOLATION (0xc0000005), writing address 0x0000000000000024


Register to memory mapping:

RIP=0x00007ffe21893416 ntdll.dll
RAX=0x0 is NULL
RBX=0x00007ffe099dfd00 1653672435222-jSerialComm.dll
RCX=0x00007ffe099dfd00 1653672435222-jSerialComm.dll
RDX=0x00000000fffffffa is an unallocated location in the heap
RSP=0x000000860ebff300 is pointing into the stack for thread: 0x000001b76c2a8db0
RBP=0x000000860ebff500 is pointing into the stack for thread: 0x000001b76c2a8db0
RSI=0x0 is NULL
RDI=0x0 is NULL
R8 =0x0 is NULL
R9 =0x00007ffe099dfd00 1653672435222-jSerialComm.dll
R10=0x0 is NULL
R11=0x0000000000000246 is an unknown value
R12=0x0 is NULL
R13=0x000000860cb36000 points into unknown readable memory: 0x0000000000000000 | 00 00 00 00 00 00 00 00
R14=0x0000000000000001 is an unknown value
R15=0x0 is NULL


Registers:
RAX=0x0000000000000000, RBX=0x00007ffe099dfd00, RCX=0x00007ffe099dfd00, RDX=0x00000000fffffffa
RSP=0x000000860ebff300, RBP=0x000000860ebff500, RSI=0x0000000000000000, RDI=0x0000000000000000
R8 =0x0000000000000000, R9 =0x00007ffe099dfd00, R10=0x0000000000000000, R11=0x0000000000000246
R12=0x0000000000000000, R13=0x000000860cb36000, R14=0x0000000000000001, R15=0x0000000000000000
RIP=0x00007ffe21893416, EFLAGS=0x0000000000010213

Top of Stack: (sp=0x000000860ebff300)
0x000000860ebff300:   ffffffffffffffff 00007ffe099dfd00
0x000000860ebff310:   0000000000000000 0000000000000000
0x000000860ebff320:   0000000000000000 0000000000000000
0x000000860ebff330:   0000000000000000 0000000000000000
0x000000860ebff340:   0000000000000000 00000000fffffffa
0x000000860ebff350:   000000860cb36000 0000000000000000
0x000000860ebff360:   0000000000000000 0000000000000000
0x000000860ebff370:   0000000000000000 0000000000000000
0x000000860ebff380:   0000000000000000 0000000000000000
0x000000860ebff390:   00005e210b064d46 0000000000000000
0x000000860ebff3a0:   000001b76c2a8d00 0000000000000001
0x000000860ebff3b0:   0000000000000001 0000000000000001
0x000000860ebff3c0:   0000000000000000 00007ffe099dfd00
0x000000860ebff3d0:   000000860ebff500 00007ffe2185fcb4
0x000000860ebff3e0:   0000000000000000 0000000000000000
0x000000860ebff3f0:   00000000fffffffa 0000000000000000 

Instructions: (pc=0x00007ffe21893416)
0x00007ffe21893316:   20 e9 ed fe ff ff 48 89 41 18 e9 e4 fe ff ff cc
0x00007ffe21893326:   cc cc cc cc cc cc cc cc cc cc 80 3d d1 71 10 00
0x00007ffe21893336:   00 0f 95 c0 c3 cc cc cc cc cc cc cc cc cc cc cc
0x00007ffe21893346:   cc cc cc cc cc cc cc cc cc cc 48 83 ec 38 8b 05
0x00007ffe21893356:   d2 57 10 00 89 44 24 20 e8 41 02 00 00 48 83 c4
0x00007ffe21893366:   38 c3 cc cc cc cc cc cc cc cc 48 89 5c 24 18 55
0x00007ffe21893376:   56 57 41 54 41 55 41 56 41 57 48 81 ec a0 00 00
0x00007ffe21893386:   00 48 8b 05 82 f1 11 00 48 33 c4 48 89 84 24 90
0x00007ffe21893396:   00 00 00 65 4c 8b 2c 25 30 00 00 00 48 8d 05 4f
0x00007ffe218933a6:   11 10 00 40 32 ed 89 54 24 48 33 f6 40 88 6c 24
0x00007ffe218933b6:   40 4c 89 6c 24 50 48 8b d9 44 8b e6 48 3b c8 0f
0x00007ffe218933c6:   84 39 01 00 00 40 38 35 36 71 10 00 0f 85 a8 01
0x00007ffe218933d6:   00 00 39 35 4a 71 10 00 0f 85 6a 01 00 00 40 38
0x00007ffe218933e6:   35 0d 6c 10 00 48 8d 3d 0e 6c 10 00 48 0f 45 fe
0x00007ffe218933f6:   48 39 73 18 0f 84 d2 00 00 00 48 8b 03 48 83 f8
0x00007ffe21893406:   ff 0f 84 d2 00 00 00 44 8b fe 48 83 f8 ff 74 03
0x00007ffe21893416:   ff 40 24 4c 8b 73 18 4c 8d 2d d4 10 10 00 bd 22
0x00007ffe21893426:   17 00 00 e8 22 14 fc ff 85 c0 0f 85 be b2 05 00
0x00007ffe21893436:   b9 82 03 fe 7f 80 39 00 0f 85 cc b2 05 00 49 83
0x00007ffe21893446:   fe ff 0f 85 5a b3 05 00 4c 8b cf c7 44 24 20 00
0x00007ffe21893456:   00 00 00 41 b8 04 00 00 00 48 8d 54 24 48 48 8d
0x00007ffe21893466:   4b 08 e8 37 01 00 00 3d 02 01 00 00 0f 84 43 b3
0x00007ffe21893476:   05 00 8b 4b 08 89 4c 24 48 f6 c1 02 75 ca 3d 02
0x00007ffe21893486:   01 00 00 0f 84 2c b3 05 00 0f b6 6c 24 40 4c 8b
0x00007ffe21893496:   6c 24 50 85 c0 0f 88 78 b4 05 00 40 84 ed 75 73
0x00007ffe218934a6:   48 8b 8c 24 90 00 00 00 48 33 cc e8 7a 8d 02 00
0x00007ffe218934b6:   48 8b 9c 24 f0 00 00 00 48 81 c4 a0 00 00 00 41
0x00007ffe218934c6:   5f 41 5e 41 5d 41 5c 5f 5e 5d c3 cc 48 8b cb e8
0x00007ffe218934d6:   56 05 00 00 e9 21 ff ff ff 8b 4b 20 48 c7 c0 ff
0x00007ffe218934e6:   ff ff ff 48 0f ba e1 18 0f 82 19 ff ff ff 48 8b
0x00007ffe218934f6:   cb e8 44 e3 fa ff 48 8b 03 e9 09 ff ff ff c6 44
0x00007ffe21893506:   24 40 01 41 c7 85 60 17 00 00 01 00 00 00 e9 b2 


Stack slot to memory mapping:
stack at sp + 0 slots: 0xffffffffffffffff is an unknown value
stack at sp + 1 slots: 0x00007ffe099dfd00 1653672435222-jSerialComm.dll
stack at sp + 2 slots: 0x0 is NULL
stack at sp + 3 slots: 0x0 is NULL
stack at sp + 4 slots: 0x0 is NULL
stack at sp + 5 slots: 0x0 is NULL
stack at sp + 6 slots: 0x0 is NULL
stack at sp + 7 slots: 0x0 is NULL


---------------  P R O C E S S  ---------------

Threads class SMR info:
_java_thread_list=0x000001b76c6a9380, length=20, elements={
0x000001b769e17db0, 0x000001b769e18c20, 0x000001b769e2bb20, 0x000001b769e2c4d0,
0x000001b769e2ce80, 0x000001b769e35840, 0x000001b769e59e30, 0x000001b769e5c8e0,
0x000001b769e5d2d0, 0x000001b76a8894e0, 0x000001b76aa10780, 0x000001b76aa12c70,
0x000001b76ab3a9f0, 0x000001b76ab3bb60, 0x000001b76ab8e690, 0x000001b749dd92b0,
0x000001b76c2a88e0, 0x000001b76c2a9750, 0x000001b76c2a8db0, 0x000001b76c2a9280
}

Java Threads: ( => current thread )
  0x000001b769e17db0 JavaThread "Reference Handler" daemon [_thread_blocked, id=13016, stack(0x000000860d600000,0x000000860d700000)]
  0x000001b769e18c20 JavaThread "Finalizer" daemon [_thread_blocked, id=1276, stack(0x000000860d700000,0x000000860d800000)]
  0x000001b769e2bb20 JavaThread "Signal Dispatcher" daemon [_thread_blocked, id=5124, stack(0x000000860d800000,0x000000860d900000)]
  0x000001b769e2c4d0 JavaThread "Attach Listener" daemon [_thread_blocked, id=1452, stack(0x000000860d900000,0x000000860da00000)]
  0x000001b769e2ce80 JavaThread "Service Thread" daemon [_thread_blocked, id=18156, stack(0x000000860da00000,0x000000860db00000)]
  0x000001b769e35840 JavaThread "Monitor Deflation Thread" daemon [_thread_blocked, id=21196, stack(0x000000860db00000,0x000000860dc00000)]
  0x000001b769e59e30 JavaThread "C2 CompilerThread0" daemon [_thread_blocked, id=24592, stack(0x000000860dc00000,0x000000860dd00000)]
  0x000001b769e5c8e0 JavaThread "C1 CompilerThread0" daemon [_thread_blocked, id=5640, stack(0x000000860dd00000,0x000000860de00000)]
  0x000001b769e5d2d0 JavaThread "Sweeper thread" daemon [_thread_blocked, id=6516, stack(0x000000860de00000,0x000000860df00000)]
  0x000001b76a8894e0 JavaThread "Common-Cleaner" daemon [_thread_blocked, id=25164, stack(0x000000860df00000,0x000000860e000000)]
  0x000001b76aa10780 JavaThread "Monitor Ctrl-Break" daemon [_thread_in_native, id=22920, stack(0x000000860e000000,0x000000860e100000)]
  0x000001b76aa12c70 JavaThread "Notification Thread" daemon [_thread_blocked, id=17492, stack(0x000000860e100000,0x000000860e200000)]
  0x000001b76ab3a9f0 JavaThread "Java2D Disposer" daemon [_thread_blocked, id=708, stack(0x000000860e300000,0x000000860e400000)]
  0x000001b76ab3bb60 JavaThread "AWT-Shutdown" [_thread_blocked, id=13180, stack(0x000000860e400000,0x000000860e500000)]
  0x000001b76ab8e690 JavaThread "AWT-EventQueue-0" [_thread_blocked, id=5704, stack(0x000000860e600000,0x000000860e700000)]
  0x000001b749dd92b0 JavaThread "DestroyJavaVM" [_thread_blocked, id=17664, stack(0x000000860cf00000,0x000000860d000000)]
  0x000001b76c2a88e0 JavaThread "mysql-cj-abandoned-connection-cleanup" daemon [_thread_blocked, id=12788, stack(0x000000860e900000,0x000000860ea00000)]
  0x000001b76c2a9750 JavaThread "TimerQueue" daemon [_thread_blocked, id=14712, stack(0x000000860ea00000,0x000000860eb00000)]
=>0x000001b76c2a8db0 JavaThread "Thread-1" [_thread_in_native, id=25412, stack(0x000000860eb00000,0x000000860ec00000)]
  0x000001b76c2a9280 JavaThread "Thread-2" [_thread_blocked, id=7376, stack(0x000000860e700000,0x000000860e800000)]

Other Threads:
  0x000001b769e11190 VMThread "VM Thread" [stack: 0x000000860d500000,0x000000860d600000] [id=9116]
  0x000001b749e41610 WatcherThread [stack: 0x000000860e200000,0x000000860e300000] [id=13984]
  0x000001b749e1bd80 GCTaskThread "GC Thread#0" [stack: 0x000000860d000000,0x000000860d100000] [id=22796]
  0x000001b749e2ca40 ConcurrentGCThread "G1 Main Marker" [stack: 0x000000860d100000,0x000000860d200000] [id=24484]
  0x000001b749e2dbf0 ConcurrentGCThread "G1 Conc#0" [stack: 0x000000860d200000,0x000000860d300000] [id=2580]
  0x000001b749ebb830 ConcurrentGCThread "G1 Refine#0" [stack: 0x000000860d300000,0x000000860d400000] [id=24540]
  0x000001b749ebc250 ConcurrentGCThread "G1 Service" [stack: 0x000000860d400000,0x000000860d500000] [id=20692]

Threads with active compile tasks:

VM state: not at safepoint (normal execution)

VM Mutex/Monitor currently owned by a thread: None

Heap address: 0x0000000081400000, size: 2028 MB, Compressed Oops mode: 32-bit

CDS archive(s) mapped at: [0x0000000800000000-0x0000000800bc0000-0x0000000800bc0000), size 12320768, SharedBaseAddress: 0x0000000800000000, ArchiveRelocationMode: 0.
Compressed class space mapped at: 0x0000000800c00000-0x0000000840c00000, reserved size: 1073741824
Narrow klass base: 0x0000000800000000, Narrow klass shift: 0, Narrow klass range: 0x100000000

GC Precious Log:
 CPUs: 8 total, 8 available
 Memory: 8108M
 Large Page Support: Disabled
 NUMA Support: Disabled
 Compressed Oops: Enabled (32-bit)
 Heap Region Size: 1M
 Heap Min Capacity: 8M
 Heap Initial Capacity: 128M
 Heap Max Capacity: 2028M
 Pre-touch: Disabled
 Parallel Workers: 8
 Concurrent Workers: 2
 Concurrent Refinement Workers: 8
 Periodic GC: Disabled

Heap:
 garbage-first heap   total 131072K, used 27648K [0x0000000081400000, 0x0000000100000000)
  region size 1024K, 23 young (23552K), 0 survivors (0K)
 Metaspace       used 13021K, committed 13248K, reserved 1064960K
  class space    used 1433K, committed 1536K, reserved 1048576K

Heap Regions: E=young(eden), S=young(survivor), O=old, HS=humongous(starts), HC=humongous(continues), CS=collection set, F=free, OA=open archive, CA=closed archive, TAMS=top-at-mark-start (previous, next)
|   0|0x0000000081400000, 0x0000000081500000, 0x0000000081500000|100%|HS|  |TAMS 0x0000000081400000, 0x0000000081400000| Complete 
|   1|0x0000000081500000, 0x0000000081600000, 0x0000000081600000|100%|HC|  |TAMS 0x0000000081500000, 0x0000000081500000| Complete 
|   2|0x0000000081600000, 0x0000000081700000, 0x0000000081700000|100%|HC|  |TAMS 0x0000000081600000, 0x0000000081600000| Complete 
|   3|0x0000000081700000, 0x0000000081800000, 0x0000000081800000|100%|HC|  |TAMS 0x0000000081700000, 0x0000000081700000| Complete 
|   4|0x0000000081800000, 0x0000000081900000, 0x0000000081900000|100%|HC|  |TAMS 0x0000000081800000, 0x0000000081800000| Complete 
|   5|0x0000000081900000, 0x0000000081900000, 0x0000000081a00000|  0%| F|  |TAMS 0x0000000081900000, 0x0000000081900000| Untracked 
|   6|0x0000000081a00000, 0x0000000081a00000, 0x0000000081b00000|  0%| F|  |TAMS 0x0000000081a00000, 0x0000000081a00000| Untracked 
|   7|0x0000000081b00000, 0x0000000081b00000, 0x0000000081c00000|  0%| F|  |TAMS 0x0000000081b00000, 0x0000000081b00000| Untracked 
|   8|0x0000000081c00000, 0x0000000081c00000, 0x0000000081d00000|  0%| F|  |TAMS 0x0000000081c00000, 0x0000000081c00000| Untracked 
|   9|0x0000000081d00000, 0x0000000081d00000, 0x0000000081e00000|  0%| F|  |TAMS 0x0000000081d00000, 0x0000000081d00000| Untracked 
|  10|0x0000000081e00000, 0x0000000081e00000, 0x0000000081f00000|  0%| F|  |TAMS 0x0000000081e00000, 0x0000000081e00000| Untracked 
|  11|0x0000000081f00000, 0x0000000081f00000, 0x0000000082000000|  0%| F|  |TAMS 0x0000000081f00000, 0x0000000081f00000| Untracked 
|  12|0x0000000082000000, 0x0000000082000000, 0x0000000082100000|  0%| F|  |TAMS 0x0000000082000000, 0x0000000082000000| Untracked 
|  13|0x0000000082100000, 0x0000000082100000, 0x0000000082200000|  0%| F|  |TAMS 0x0000000082100000, 0x0000000082100000| Untracked 
|  14|0x0000000082200000, 0x0000000082200000, 0x0000000082300000|  0%| F|  |TAMS 0x0000000082200000, 0x0000000082200000| Untracked 
|  15|0x0000000082300000, 0x0000000082300000, 0x0000000082400000|  0%| F|  |TAMS 0x0000000082300000, 0x0000000082300000| Untracked 
|  16|0x0000000082400000, 0x0000000082400000, 0x0000000082500000|  0%| F|  |TAMS 0x0000000082400000, 0x0000000082400000| Untracked 
|  17|0x0000000082500000, 0x0000000082500000, 0x0000000082600000|  0%| F|  |TAMS 0x0000000082500000, 0x0000000082500000| Untracked 
|  18|0x0000000082600000, 0x0000000082600000, 0x0000000082700000|  0%| F|  |TAMS 0x0000000082600000, 0x0000000082600000| Untracked 
|  19|0x0000000082700000, 0x0000000082700000, 0x0000000082800000|  0%| F|  |TAMS 0x0000000082700000, 0x0000000082700000| Untracked 
|  20|0x0000000082800000, 0x0000000082800000, 0x0000000082900000|  0%| F|  |TAMS 0x0000000082800000, 0x0000000082800000| Untracked 
|  21|0x0000000082900000, 0x0000000082900000, 0x0000000082a00000|  0%| F|  |TAMS 0x0000000082900000, 0x0000000082900000| Untracked 
|  22|0x0000000082a00000, 0x0000000082a00000, 0x0000000082b00000|  0%| F|  |TAMS 0x0000000082a00000, 0x0000000082a00000| Untracked 
|  23|0x0000000082b00000, 0x0000000082b00000, 0x0000000082c00000|  0%| F|  |TAMS 0x0000000082b00000, 0x0000000082b00000| Untracked 
|  24|0x0000000082c00000, 0x0000000082c00000, 0x0000000082d00000|  0%| F|  |TAMS 0x0000000082c00000, 0x0000000082c00000| Untracked 
|  25|0x0000000082d00000, 0x0000000082d00000, 0x0000000082e00000|  0%| F|  |TAMS 0x0000000082d00000, 0x0000000082d00000| Untracked 
|  26|0x0000000082e00000, 0x0000000082e00000, 0x0000000082f00000|  0%| F|  |TAMS 0x0000000082e00000, 0x0000000082e00000| Untracked 
|  27|0x0000000082f00000, 0x0000000082f00000, 0x0000000083000000|  0%| F|  |TAMS 0x0000000082f00000, 0x0000000082f00000| Untracked 
|  28|0x0000000083000000, 0x0000000083000000, 0x0000000083100000|  0%| F|  |TAMS 0x0000000083000000, 0x0000000083000000| Untracked 
|  29|0x0000000083100000, 0x0000000083100000, 0x0000000083200000|  0%| F|  |TAMS 0x0000000083100000, 0x0000000083100000| Untracked 
|  30|0x0000000083200000, 0x0000000083200000, 0x0000000083300000|  0%| F|  |TAMS 0x0000000083200000, 0x0000000083200000| Untracked 
|  31|0x0000000083300000, 0x0000000083300000, 0x0000000083400000|  0%| F|  |TAMS 0x0000000083300000, 0x0000000083300000| Untracked 
|  32|0x0000000083400000, 0x0000000083400000, 0x0000000083500000|  0%| F|  |TAMS 0x0000000083400000, 0x0000000083400000| Untracked 
|  33|0x0000000083500000, 0x0000000083500000, 0x0000000083600000|  0%| F|  |TAMS 0x0000000083500000, 0x0000000083500000| Untracked 
|  34|0x0000000083600000, 0x0000000083600000, 0x0000000083700000|  0%| F|  |TAMS 0x0000000083600000, 0x0000000083600000| Untracked 
|  35|0x0000000083700000, 0x0000000083700000, 0x0000000083800000|  0%| F|  |TAMS 0x0000000083700000, 0x0000000083700000| Untracked 
|  36|0x0000000083800000, 0x0000000083800000, 0x0000000083900000|  0%| F|  |TAMS 0x0000000083800000, 0x0000000083800000| Untracked 
|  37|0x0000000083900000, 0x0000000083900000, 0x0000000083a00000|  0%| F|  |TAMS 0x0000000083900000, 0x0000000083900000| Untracked 
|  38|0x0000000083a00000, 0x0000000083a00000, 0x0000000083b00000|  0%| F|  |TAMS 0x0000000083a00000, 0x0000000083a00000| Untracked 
|  39|0x0000000083b00000, 0x0000000083b00000, 0x0000000083c00000|  0%| F|  |TAMS 0x0000000083b00000, 0x0000000083b00000| Untracked 
|  40|0x0000000083c00000, 0x0000000083c00000, 0x0000000083d00000|  0%| F|  |TAMS 0x0000000083c00000, 0x0000000083c00000| Untracked 
|  41|0x0000000083d00000, 0x0000000083d00000, 0x0000000083e00000|  0%| F|  |TAMS 0x0000000083d00000, 0x0000000083d00000| Untracked 
|  42|0x0000000083e00000, 0x0000000083e00000, 0x0000000083f00000|  0%| F|  |TAMS 0x0000000083e00000, 0x0000000083e00000| Untracked 
|  43|0x0000000083f00000, 0x0000000083f00000, 0x0000000084000000|  0%| F|  |TAMS 0x0000000083f00000, 0x0000000083f00000| Untracked 
|  44|0x0000000084000000, 0x0000000084000000, 0x0000000084100000|  0%| F|  |TAMS 0x0000000084000000, 0x0000000084000000| Untracked 
|  45|0x0000000084100000, 0x0000000084100000, 0x0000000084200000|  0%| F|  |TAMS 0x0000000084100000, 0x0000000084100000| Untracked 
|  46|0x0000000084200000, 0x0000000084200000, 0x0000000084300000|  0%| F|  |TAMS 0x0000000084200000, 0x0000000084200000| Untracked 
|  47|0x0000000084300000, 0x0000000084300000, 0x0000000084400000|  0%| F|  |TAMS 0x0000000084300000, 0x0000000084300000| Untracked 
|  48|0x0000000084400000, 0x0000000084400000, 0x0000000084500000|  0%| F|  |TAMS 0x0000000084400000, 0x0000000084400000| Untracked 
|  49|0x0000000084500000, 0x0000000084500000, 0x0000000084600000|  0%| F|  |TAMS 0x0000000084500000, 0x0000000084500000| Untracked 
|  50|0x0000000084600000, 0x0000000084600000, 0x0000000084700000|  0%| F|  |TAMS 0x0000000084600000, 0x0000000084600000| Untracked 
|  51|0x0000000084700000, 0x0000000084700000, 0x0000000084800000|  0%| F|  |TAMS 0x0000000084700000, 0x0000000084700000| Untracked 
|  52|0x0000000084800000, 0x0000000084800000, 0x0000000084900000|  0%| F|  |TAMS 0x0000000084800000, 0x0000000084800000| Untracked 
|  53|0x0000000084900000, 0x0000000084900000, 0x0000000084a00000|  0%| F|  |TAMS 0x0000000084900000, 0x0000000084900000| Untracked 
|  54|0x0000000084a00000, 0x0000000084a00000, 0x0000000084b00000|  0%| F|  |TAMS 0x0000000084a00000, 0x0000000084a00000| Untracked 
|  55|0x0000000084b00000, 0x0000000084b00000, 0x0000000084c00000|  0%| F|  |TAMS 0x0000000084b00000, 0x0000000084b00000| Untracked 
|  56|0x0000000084c00000, 0x0000000084c00000, 0x0000000084d00000|  0%| F|  |TAMS 0x0000000084c00000, 0x0000000084c00000| Untracked 
|  57|0x0000000084d00000, 0x0000000084d00000, 0x0000000084e00000|  0%| F|  |TAMS 0x0000000084d00000, 0x0000000084d00000| Untracked 
|  58|0x0000000084e00000, 0x0000000084e00000, 0x0000000084f00000|  0%| F|  |TAMS 0x0000000084e00000, 0x0000000084e00000| Untracked 
|  59|0x0000000084f00000, 0x0000000084f00000, 0x0000000085000000|  0%| F|  |TAMS 0x0000000084f00000, 0x0000000084f00000| Untracked 
|  60|0x0000000085000000, 0x0000000085000000, 0x0000000085100000|  0%| F|  |TAMS 0x0000000085000000, 0x0000000085000000| Untracked 
|  61|0x0000000085100000, 0x0000000085100000, 0x0000000085200000|  0%| F|  |TAMS 0x0000000085100000, 0x0000000085100000| Untracked 
|  62|0x0000000085200000, 0x0000000085200000, 0x0000000085300000|  0%| F|  |TAMS 0x0000000085200000, 0x0000000085200000| Untracked 
|  63|0x0000000085300000, 0x0000000085300000, 0x0000000085400000|  0%| F|  |TAMS 0x0000000085300000, 0x0000000085300000| Untracked 
|  64|0x0000000085400000, 0x0000000085400000, 0x0000000085500000|  0%| F|  |TAMS 0x0000000085400000, 0x0000000085400000| Untracked 
|  65|0x0000000085500000, 0x0000000085500000, 0x0000000085600000|  0%| F|  |TAMS 0x0000000085500000, 0x0000000085500000| Untracked 
|  66|0x0000000085600000, 0x0000000085600000, 0x0000000085700000|  0%| F|  |TAMS 0x0000000085600000, 0x0000000085600000| Untracked 
|  67|0x0000000085700000, 0x0000000085700000, 0x0000000085800000|  0%| F|  |TAMS 0x0000000085700000, 0x0000000085700000| Untracked 
|  68|0x0000000085800000, 0x0000000085800000, 0x0000000085900000|  0%| F|  |TAMS 0x0000000085800000, 0x0000000085800000| Untracked 
|  69|0x0000000085900000, 0x0000000085900000, 0x0000000085a00000|  0%| F|  |TAMS 0x0000000085900000, 0x0000000085900000| Untracked 
|  70|0x0000000085a00000, 0x0000000085a00000, 0x0000000085b00000|  0%| F|  |TAMS 0x0000000085a00000, 0x0000000085a00000| Untracked 
|  71|0x0000000085b00000, 0x0000000085b00000, 0x0000000085c00000|  0%| F|  |TAMS 0x0000000085b00000, 0x0000000085b00000| Untracked 
|  72|0x0000000085c00000, 0x0000000085c00000, 0x0000000085d00000|  0%| F|  |TAMS 0x0000000085c00000, 0x0000000085c00000| Untracked 
|  73|0x0000000085d00000, 0x0000000085d00000, 0x0000000085e00000|  0%| F|  |TAMS 0x0000000085d00000, 0x0000000085d00000| Untracked 
|  74|0x0000000085e00000, 0x0000000085e00000, 0x0000000085f00000|  0%| F|  |TAMS 0x0000000085e00000, 0x0000000085e00000| Untracked 
|  75|0x0000000085f00000, 0x0000000085f00000, 0x0000000086000000|  0%| F|  |TAMS 0x0000000085f00000, 0x0000000085f00000| Untracked 
|  76|0x0000000086000000, 0x0000000086000000, 0x0000000086100000|  0%| F|  |TAMS 0x0000000086000000, 0x0000000086000000| Untracked 
|  77|0x0000000086100000, 0x0000000086100000, 0x0000000086200000|  0%| F|  |TAMS 0x0000000086100000, 0x0000000086100000| Untracked 
|  78|0x0000000086200000, 0x0000000086200000, 0x0000000086300000|  0%| F|  |TAMS 0x0000000086200000, 0x0000000086200000| Untracked 
|  79|0x0000000086300000, 0x0000000086300000, 0x0000000086400000|  0%| F|  |TAMS 0x0000000086300000, 0x0000000086300000| Untracked 
|  80|0x0000000086400000, 0x0000000086400000, 0x0000000086500000|  0%| F|  |TAMS 0x0000000086400000, 0x0000000086400000| Untracked 
|  81|0x0000000086500000, 0x0000000086500000, 0x0000000086600000|  0%| F|  |TAMS 0x0000000086500000, 0x0000000086500000| Untracked 
|  82|0x0000000086600000, 0x0000000086600000, 0x0000000086700000|  0%| F|  |TAMS 0x0000000086600000, 0x0000000086600000| Untracked 
|  83|0x0000000086700000, 0x0000000086700000, 0x0000000086800000|  0%| F|  |TAMS 0x0000000086700000, 0x0000000086700000| Untracked 
|  84|0x0000000086800000, 0x0000000086800000, 0x0000000086900000|  0%| F|  |TAMS 0x0000000086800000, 0x0000000086800000| Untracked 
|  85|0x0000000086900000, 0x0000000086900000, 0x0000000086a00000|  0%| F|  |TAMS 0x0000000086900000, 0x0000000086900000| Untracked 
|  86|0x0000000086a00000, 0x0000000086a00000, 0x0000000086b00000|  0%| F|  |TAMS 0x0000000086a00000, 0x0000000086a00000| Untracked 
|  87|0x0000000086b00000, 0x0000000086b00000, 0x0000000086c00000|  0%| F|  |TAMS 0x0000000086b00000, 0x0000000086b00000| Untracked 
|  88|0x0000000086c00000, 0x0000000086c00000, 0x0000000086d00000|  0%| F|  |TAMS 0x0000000086c00000, 0x0000000086c00000| Untracked 
|  89|0x0000000086d00000, 0x0000000086d00000, 0x0000000086e00000|  0%| F|  |TAMS 0x0000000086d00000, 0x0000000086d00000| Untracked 
|  90|0x0000000086e00000, 0x0000000086e00000, 0x0000000086f00000|  0%| F|  |TAMS 0x0000000086e00000, 0x0000000086e00000| Untracked 
|  91|0x0000000086f00000, 0x0000000086f00000, 0x0000000087000000|  0%| F|  |TAMS 0x0000000086f00000, 0x0000000086f00000| Untracked 
|  92|0x0000000087000000, 0x0000000087000000, 0x0000000087100000|  0%| F|  |TAMS 0x0000000087000000, 0x0000000087000000| Untracked 
|  93|0x0000000087100000, 0x0000000087100000, 0x0000000087200000|  0%| F|  |TAMS 0x0000000087100000, 0x0000000087100000| Untracked 
|  94|0x0000000087200000, 0x0000000087200000, 0x0000000087300000|  0%| F|  |TAMS 0x0000000087200000, 0x0000000087200000| Untracked 
|  95|0x0000000087300000, 0x0000000087300000, 0x0000000087400000|  0%| F|  |TAMS 0x0000000087300000, 0x0000000087300000| Untracked 
|  96|0x0000000087400000, 0x0000000087400000, 0x0000000087500000|  0%| F|  |TAMS 0x0000000087400000, 0x0000000087400000| Untracked 
|  97|0x0000000087500000, 0x0000000087500000, 0x0000000087600000|  0%| F|  |TAMS 0x0000000087500000, 0x0000000087500000| Untracked 
|  98|0x0000000087600000, 0x0000000087600000, 0x0000000087700000|  0%| F|  |TAMS 0x0000000087600000, 0x0000000087600000| Untracked 
|  99|0x0000000087700000, 0x0000000087700000, 0x0000000087800000|  0%| F|  |TAMS 0x0000000087700000, 0x0000000087700000| Untracked 
| 100|0x0000000087800000, 0x0000000087800000, 0x0000000087900000|  0%| F|  |TAMS 0x0000000087800000, 0x0000000087800000| Untracked 
| 101|0x0000000087900000, 0x0000000087900000, 0x0000000087a00000|  0%| F|  |TAMS 0x0000000087900000, 0x0000000087900000| Untracked 
| 102|0x0000000087a00000, 0x0000000087a00000, 0x0000000087b00000|  0%| F|  |TAMS 0x0000000087a00000, 0x0000000087a00000| Untracked 
| 103|0x0000000087b00000, 0x0000000087b00000, 0x0000000087c00000|  0%| F|  |TAMS 0x0000000087b00000, 0x0000000087b00000| Untracked 
| 104|0x0000000087c00000, 0x0000000087c00000, 0x0000000087d00000|  0%| F|  |TAMS 0x0000000087c00000, 0x0000000087c00000| Untracked 
| 105|0x0000000087d00000, 0x0000000087d76460, 0x0000000087e00000| 46%| E|  |TAMS 0x0000000087d00000, 0x0000000087d00000| Complete 
| 106|0x0000000087e00000, 0x0000000087f00000, 0x0000000087f00000|100%| E|CS|TAMS 0x0000000087e00000, 0x0000000087e00000| Complete 
| 107|0x0000000087f00000, 0x0000000088000000, 0x0000000088000000|100%| E|CS|TAMS 0x0000000087f00000, 0x0000000087f00000| Complete 
| 108|0x0000000088000000, 0x0000000088100000, 0x0000000088100000|100%| E|CS|TAMS 0x0000000088000000, 0x0000000088000000| Complete 
| 109|0x0000000088100000, 0x0000000088200000, 0x0000000088200000|100%| E|CS|TAMS 0x0000000088100000, 0x0000000088100000| Complete 
| 110|0x0000000088200000, 0x0000000088300000, 0x0000000088300000|100%| E|CS|TAMS 0x0000000088200000, 0x0000000088200000| Complete 
| 111|0x0000000088300000, 0x0000000088400000, 0x0000000088400000|100%| E|CS|TAMS 0x0000000088300000, 0x0000000088300000| Complete 
| 112|0x0000000088400000, 0x0000000088500000, 0x0000000088500000|100%| E|CS|TAMS 0x0000000088400000, 0x0000000088400000| Complete 
| 113|0x0000000088500000, 0x0000000088600000, 0x0000000088600000|100%| E|CS|TAMS 0x0000000088500000, 0x0000000088500000| Complete 
| 114|0x0000000088600000, 0x0000000088700000, 0x0000000088700000|100%| E|CS|TAMS 0x0000000088600000, 0x0000000088600000| Complete 
| 115|0x0000000088700000, 0x0000000088800000, 0x0000000088800000|100%| E|CS|TAMS 0x0000000088700000, 0x0000000088700000| Complete 
| 116|0x0000000088800000, 0x0000000088900000, 0x0000000088900000|100%| E|CS|TAMS 0x0000000088800000, 0x0000000088800000| Complete 
| 117|0x0000000088900000, 0x0000000088a00000, 0x0000000088a00000|100%| E|CS|TAMS 0x0000000088900000, 0x0000000088900000| Complete 
| 118|0x0000000088a00000, 0x0000000088b00000, 0x0000000088b00000|100%| E|CS|TAMS 0x0000000088a00000, 0x0000000088a00000| Complete 
| 119|0x0000000088b00000, 0x0000000088c00000, 0x0000000088c00000|100%| E|CS|TAMS 0x0000000088b00000, 0x0000000088b00000| Complete 
| 120|0x0000000088c00000, 0x0000000088d00000, 0x0000000088d00000|100%| E|CS|TAMS 0x0000000088c00000, 0x0000000088c00000| Complete 
| 121|0x0000000088d00000, 0x0000000088e00000, 0x0000000088e00000|100%| E|CS|TAMS 0x0000000088d00000, 0x0000000088d00000| Complete 
| 122|0x0000000088e00000, 0x0000000088f00000, 0x0000000088f00000|100%| E|CS|TAMS 0x0000000088e00000, 0x0000000088e00000| Complete 
| 123|0x0000000088f00000, 0x0000000089000000, 0x0000000089000000|100%| E|CS|TAMS 0x0000000088f00000, 0x0000000088f00000| Complete 
| 124|0x0000000089000000, 0x0000000089100000, 0x0000000089100000|100%| E|CS|TAMS 0x0000000089000000, 0x0000000089000000| Complete 
| 125|0x0000000089100000, 0x0000000089200000, 0x0000000089200000|100%| E|CS|TAMS 0x0000000089100000, 0x0000000089100000| Complete 
| 126|0x0000000089200000, 0x0000000089300000, 0x0000000089300000|100%| E|CS|TAMS 0x0000000089200000, 0x0000000089200000| Complete 
| 127|0x0000000089300000, 0x0000000089400000, 0x0000000089400000|100%| E|CS|TAMS 0x0000000089300000, 0x0000000089300000| Complete 

Card table byte_map: [0x000001b762c50000,0x000001b763050000] _byte_map_base: 0x000001b762846000

Marking Bits (Prev, Next): (CMBitMap*) 0x000001b749e1c390, (CMBitMap*) 0x000001b749e1c3d0
 Prev Bits: [0x000001b763450000, 0x000001b765400000)
 Next Bits: [0x000001b765400000, 0x000001b7673b0000)

Polling page: 0x000001b749c70000

Metaspace:

Usage:
  Non-class:     11.32 MB used.
      Class:      1.40 MB used.
       Both:     12.72 MB used.

Virtual space:
  Non-class space:       16.00 MB reserved,      11.44 MB ( 71%) committed,  2 nodes.
      Class space:        1.00 GB reserved,       1.50 MB ( <1%) committed,  1 nodes.
             Both:        1.02 GB reserved,      12.94 MB (  1%) committed. 

Chunk freelists:
   Non-Class:  304.00 KB
       Class:  2.52 MB
        Both:  2.82 MB

MaxMetaspaceSize: unlimited
CompressedClassSpaceSize: 1.00 GB
Initial GC threshold: 21.00 MB
Current GC threshold: 21.00 MB
CDS: on
MetaspaceReclaimPolicy: balanced
 - commit_granule_bytes: 65536.
 - commit_granule_words: 8192.
 - virtual_space_node_default_size: 1048576.
 - enlarge_chunks_in_place: 1.
 - new_chunks_are_fully_committed: 0.
 - uncommit_free_chunks: 1.
 - use_allocation_guard: 0.
 - handle_deallocations: 1.


Internal statistics:

num_allocs_failed_limit: 0.
num_arena_births: 156.
num_arena_deaths: 0.
num_vsnodes_births: 3.
num_vsnodes_deaths: 0.
num_space_committed: 207.
num_space_uncommitted: 0.
num_chunks_returned_to_freelist: 0.
num_chunks_taken_from_freelist: 320.
num_chunk_merges: 0.
num_chunk_splits: 202.
num_chunks_enlarged: 112.
num_purges: 0.
num_inconsistent_stats: 0.

CodeHeap 'non-profiled nmethods': size=120000Kb used=555Kb max_used=555Kb free=119445Kb
 bounds [0x000001b75a8c0000, 0x000001b75ab30000, 0x000001b761df0000]
CodeHeap 'profiled nmethods': size=120000Kb used=3392Kb max_used=3392Kb free=116607Kb
 bounds [0x000001b753390000, 0x000001b7536f0000, 0x000001b75a8c0000]
CodeHeap 'non-nmethods': size=5760Kb used=1305Kb max_used=1332Kb free=4454Kb
 bounds [0x000001b752df0000, 0x000001b753060000, 0x000001b753390000]
 total_blobs=2492 nmethods=1850 adapters=554
 compilation: enabled
              stopped_count=0, restarted_count=0
 full_count=0

Compilation events (20 events):
Event: 30.702 Thread 0x000001b769e59e30 nmethod 1840 0x000001b75a949f10 code [0x000001b75a94a080, 0x000001b75a94a0f8]
Event: 30.705 Thread 0x000001b769e5c8e0 nmethod 1847 0x000001b7536d9610 code [0x000001b7536d9aa0, 0x000001b7536dc208]
Event: 30.705 Thread 0x000001b769e5c8e0 1838   !   3       java.io.PrintStream::write (83 bytes)
Event: 30.705 Thread 0x000001b769e5c8e0 nmethod 1838 0x000001b7536dcd90 code [0x000001b7536dd040, 0x000001b7536ddc58]
Event: 30.705 Thread 0x000001b769e5c8e0 1839       3       java.io.PrintStream::print (9 bytes)
Event: 30.706 Thread 0x000001b769e5c8e0 nmethod 1839 0x000001b7536de310 code [0x000001b7536de4c0, 0x000001b7536de638]
Event: 30.706 Thread 0x000001b769e5c8e0 1843       3       java.lang.StringUTF16::indexOf (43 bytes)
Event: 30.706 Thread 0x000001b769e5c8e0 nmethod 1843 0x000001b7536de710 code [0x000001b7536de900, 0x000001b7536dee38]
Event: 30.706 Thread 0x000001b769e5c8e0 1844       3       java.lang.StringUTF16::indexOfChar (14 bytes)
Event: 30.706 Thread 0x000001b769e5c8e0 nmethod 1844 0x000001b7536df010 code [0x000001b7536df1e0, 0x000001b7536df548]
Event: 30.706 Thread 0x000001b769e5c8e0 1845       3       java.lang.StringUTF16::checkBoundsBeginEnd (10 bytes)
Event: 30.706 Thread 0x000001b769e5c8e0 nmethod 1845 0x000001b7536df710 code [0x000001b7536df8c0, 0x000001b7536dfa48]
Event: 30.706 Thread 0x000001b769e5c8e0 1841       3       java.lang.StringUTF16::checkBoundsOffCount (10 bytes)
Event: 30.706 Thread 0x000001b769e5c8e0 nmethod 1841 0x000001b7536dfb90 code [0x000001b7536dfd40, 0x000001b7536dfec8]
Event: 30.715 Thread 0x000001b769e59e30 1848       4       java.io.OutputStream::flush (1 bytes)
Event: 30.715 Thread 0x000001b769e59e30 nmethod 1848 0x000001b75a94a210 code [0x000001b75a94a380, 0x000001b75a94a3f8]
Event: 30.716 Thread 0x000001b769e59e30 1849       4       java.nio.Buffer::position (52 bytes)
Event: 30.718 Thread 0x000001b769e59e30 nmethod 1849 0x000001b75a94a510 code [0x000001b75a94a680, 0x000001b75a94a758]
Event: 30.726 Thread 0x000001b769e5c8e0 1850       3       jdk.internal.loader.NativeLibraries$NativeLibraryImpl::find (6 bytes)
Event: 30.726 Thread 0x000001b769e5c8e0 nmethod 1850 0x000001b7536e0010 code [0x000001b7536e01a0, 0x000001b7536e02c8]

GC Heap History (0 events):
No events

Deoptimization events (20 events):
Event: 1.090 Thread 0x000001b76ab8e690 DEOPT PACKING pc=0x000001b75a906adc sp=0x000000860e6fd400
Event: 1.090 Thread 0x000001b76ab8e690 DEOPT UNPACKING pc=0x000001b752e423a3 sp=0x000000860e6fd360 mode 2
Event: 1.145 Thread 0x000001b76ab8e690 Uncommon trap: trap_request=0xffffff45 fr.pc=0x000001b75a9082d4 relative=0x00000000000009d4
Event: 1.145 Thread 0x000001b76ab8e690 Uncommon trap: reason=unstable_if action=reinterpret pc=0x000001b75a9082d4 method=java.util.HashMap.putVal(ILjava/lang/Object;Ljava/lang/Object;ZZ)Ljava/lang/Object; @ 81 c2
Event: 1.145 Thread 0x000001b76ab8e690 DEOPT PACKING pc=0x000001b75a9082d4 sp=0x000000860e6fdb10
Event: 1.145 Thread 0x000001b76ab8e690 DEOPT UNPACKING pc=0x000001b752e423a3 sp=0x000000860e6fda30 mode 2
Event: 1.156 Thread 0x000001b76ab8e690 DEOPT PACKING pc=0x000001b7534a7956 sp=0x000000860e6fd3c0
Event: 1.157 Thread 0x000001b76ab8e690 DEOPT UNPACKING pc=0x000001b752e42b43 sp=0x000000860e6fc848 mode 0
Event: 3.221 Thread 0x000001b76ab8e690 DEOPT PACKING pc=0x000001b7535ff500 sp=0x000000860e6fd290
Event: 3.221 Thread 0x000001b76ab8e690 DEOPT UNPACKING pc=0x000001b752e42b43 sp=0x000000860e6fc700 mode 0
Event: 3.221 Thread 0x000001b76ab8e690 DEOPT PACKING pc=0x000001b7535ff500 sp=0x000000860e6fd290
Event: 3.221 Thread 0x000001b76ab8e690 DEOPT UNPACKING pc=0x000001b752e42b43 sp=0x000000860e6fc700 mode 0
Event: 30.679 Thread 0x000001b76c2a9280 Uncommon trap: trap_request=0xffffff45 fr.pc=0x000001b75a8fabb8 relative=0x0000000000000038
Event: 30.679 Thread 0x000001b76c2a8db0 Uncommon trap: trap_request=0xffffff45 fr.pc=0x000001b75a8fabb8 relative=0x0000000000000038
Event: 30.679 Thread 0x000001b76c2a9280 Uncommon trap: reason=unstable_if action=reinterpret pc=0x000001b75a8fabb8 method=java.lang.StringLatin1.canEncode(I)Z @ 4 c2
Event: 30.679 Thread 0x000001b76c2a8db0 Uncommon trap: reason=unstable_if action=reinterpret pc=0x000001b75a8fabb8 method=java.lang.StringLatin1.canEncode(I)Z @ 4 c2
Event: 30.679 Thread 0x000001b76c2a9280 DEOPT PACKING pc=0x000001b75a8fabb8 sp=0x000000860e7ff470
Event: 30.679 Thread 0x000001b76c2a9280 DEOPT UNPACKING pc=0x000001b752e423a3 sp=0x000000860e7ff400 mode 2
Event: 30.679 Thread 0x000001b76c2a8db0 DEOPT PACKING pc=0x000001b75a8fabb8 sp=0x000000860ebff4f0
Event: 30.679 Thread 0x000001b76c2a8db0 DEOPT UNPACKING pc=0x000001b752e423a3 sp=0x000000860ebff480 mode 2

Classes unloaded (0 events):
No events

Classes redefined (0 events):
No events

Internal exceptions (17 events):
Event: 0.151 Thread 0x000001b76aa10780 Exception <a 'java/lang/NoSuchMethodError'{0x00000000891049e0}: 'java.lang.Object java.lang.invoke.DirectMethodHandle$Holder.invokeStaticInit(java.lang.Object)'> (0x00000000891049e0) 
thrown [t:\workspace\open\src\hotspot\share\interpreter\linkResolver.cpp, line 766]
Event: 0.158 Thread 0x000001b76aa10780 Exception <a 'java/lang/NoSuchMethodError'{0x0000000089112738}: 'void java.lang.invoke.DirectMethodHandle$Holder.invokeStatic(java.lang.Object, java.lang.Object)'> (0x0000000089112738) 
thrown [t:\workspace\open\src\hotspot\share\interpreter\linkResolver.cpp, line 766]
Event: 0.161 Thread 0x000001b749dd92b0 Exception <a 'java/lang/ClassNotFoundException'{0x000000008917b360}: sun/awt/resources/spi/awtProvider> (0x000000008917b360) 
thrown [t:\workspace\open\src\hotspot\share\classfile\systemDictionary.cpp, line 256]
Event: 0.187 Thread 0x000001b749dd92b0 Exception <a 'java/io/FileNotFoundException'{0x00000000891d0c28}> (0x00000000891d0c28) 
thrown [t:\workspace\open\src\hotspot\share\prims\jni.cpp, line 516]
Event: 0.194 Thread 0x000001b749dd92b0 Exception <a 'java/io/FileNotFoundException'{0x00000000891fddf8}> (0x00000000891fddf8) 
thrown [t:\workspace\open\src\hotspot\share\prims\jni.cpp, line 516]
Event: 0.265 Thread 0x000001b76ab8e690 Exception <a 'java/lang/NoSuchMethodError'{0x0000000088f23360}: 'void java.lang.invoke.DirectMethodHandle$Holder.invokeSpecial(java.lang.Object, java.lang.Object, java.lang.Object)'> (0x0000000088f23360) 
thrown [t:\workspace\open\src\hotspot\share\interpreter\linkResolver.cpp, line 766]
Event: 0.277 Thread 0x000001b76ab8e690 Exception <a 'java/lang/NoSuchMethodError'{0x0000000088f4d540}: 'java.lang.Object java.lang.invoke.DirectMethodHandle$Holder.newInvokeSpecial(java.lang.Object, java.lang.Object, java.lang.Object, java.lang.Object, java.lang.Object)'> (0x0000000088f4d540) 
thrown [t:\workspace\open\src\hotspot\share\interpreter\linkResolver.cpp, line 766]
Event: 0.279 Thread 0x000001b76ab8e690 Exception <a 'java/lang/NoSuchMethodError'{0x0000000088f58f08}: 'java.lang.Object java.lang.invoke.DirectMethodHandle$Holder.invokeStatic(java.lang.Object, int, java.lang.Object, java.lang.Object, java.lang.Object, java.lang.Object)'> (0x0000000088f58f08) 
thrown [t:\workspace\open\src\hotspot\share\interpreter\linkResolver.cpp, line 766]
Event: 0.286 Thread 0x000001b76ab8e690 Exception <a 'java/lang/NoSuchMethodError'{0x0000000088f7ece8}: 'java.lang.Object java.lang.invoke.DirectMethodHandle$Holder.invokeStatic(java.lang.Object, int, java.lang.Object)'> (0x0000000088f7ece8) 
thrown [t:\workspace\open\src\hotspot\share\interpreter\linkResolver.cpp, line 766]
Event: 0.318 Thread 0x000001b76ab8e690 Exception <a 'java/lang/ClassNotFoundException'{0x0000000088e39b88}: com/sun/swing/internal/plaf/metal/resources/spi/metalProvider> (0x0000000088e39b88) 
thrown [t:\workspace\open\src\hotspot\share\classfile\systemDictionary.cpp, line 256]
Event: 0.319 Thread 0x000001b76ab8e690 Exception <a 'java/lang/ClassNotFoundException'{0x0000000088e3da40}: com/sun/swing/internal/plaf/basic/resources/spi/basicProvider> (0x0000000088e3da40) 
thrown [t:\workspace\open\src\hotspot\share\classfile\systemDictionary.cpp, line 256]
Event: 0.840 Thread 0x000001b76c24fc30 Exception <a 'java/lang/NoSuchMethodError'{0x0000000088d857a8}: 'java.lang.Object java.lang.invoke.DirectMethodHandle$Holder.newInvokeSpecial(java.lang.Object, java.lang.Object, java.lang.Object, int, int, int, int, int)'> (0x0000000088d857a8) 
thrown [t:\workspace\open\src\hotspot\share\interpreter\linkResolver.cpp, line 766]
Event: 0.948 Thread 0x000001b76ab8e690 Exception <a 'java/lang/NoSuchMethodError'{0x0000000088b8ed28}: 'java.lang.Object java.lang.invoke.DirectMethodHandle$Holder.invokeInterface(java.lang.Object, java.lang.Object)'> (0x0000000088b8ed28) 
thrown [t:\workspace\open\src\hotspot\share\interpreter\linkResolver.cpp, line 766]
Event: 0.973 Thread 0x000001b76ab8e690 Exception <a 'java/lang/NoSuchMethodError'{0x0000000088a15030}: 'void java.lang.invoke.DirectMethodHandle$Holder.invokeStatic(java.lang.Object, java.lang.Object, java.lang.Object)'> (0x0000000088a15030) 
thrown [t:\workspace\open\src\hotspot\share\interpreter\linkResolver.cpp, line 766]
Event: 0.974 Thread 0x000001b76ab8e690 Exception <a 'java/lang/NoSuchMethodError'{0x0000000088a1f2c0}: 'java.lang.Object java.lang.invoke.DirectMethodHandle$Holder.invokeVirtual(java.lang.Object, java.lang.Object, java.lang.Object)'> (0x0000000088a1f2c0) 
thrown [t:\workspace\open\src\hotspot\share\interpreter\linkResolver.cpp, line 766]
Event: 1.290 Thread 0x000001b76ab3cee0 Exception <a 'java/lang/NoSuchMethodError'{0x0000000089085ba8}: 'void java.lang.invoke.DirectMethodHandle$Holder.invokeVirtual(java.lang.Object, java.lang.Object)'> (0x0000000089085ba8) 
thrown [t:\workspace\open\src\hotspot\share\interpreter\linkResolver.cpp, line 766]
Event: 1.302 Thread 0x000001b76ab8e690 Exception <a 'java/lang/NoSuchMethodError'{0x0000000088293670}: 'void java.lang.invoke.DirectMethodHandle$Holder.invokeStaticInit(java.lang.Object)'> (0x0000000088293670) 
thrown [t:\workspace\open\src\hotspot\share\interpreter\linkResolver.cpp, line 766]

VM Operations (20 events):
Event: 1.162 Executing VM operation: Cleanup
Event: 1.162 Executing VM operation: Cleanup done
Event: 1.379 Executing VM operation: HandshakeAllThreads
Event: 1.379 Executing VM operation: HandshakeAllThreads done
Event: 1.390 Executing VM operation: HandshakeAllThreads
Event: 1.390 Executing VM operation: HandshakeAllThreads done
Event: 2.405 Executing VM operation: Cleanup
Event: 2.405 Executing VM operation: Cleanup done
Event: 3.420 Executing VM operation: Cleanup
Event: 3.421 Executing VM operation: Cleanup done
Event: 4.425 Executing VM operation: Cleanup
Event: 4.425 Executing VM operation: Cleanup done
Event: 15.495 Executing VM operation: Cleanup
Event: 15.495 Executing VM operation: Cleanup done
Event: 16.511 Executing VM operation: Cleanup
Event: 16.511 Executing VM operation: Cleanup done
Event: 17.526 Executing VM operation: Cleanup
Event: 17.526 Executing VM operation: Cleanup done
Event: 29.593 Executing VM operation: Cleanup
Event: 29.593 Executing VM operation: Cleanup done

Events (20 events):
Event: 3.556 Thread 0x000001b76c2a8db0 Thread added: 0x000001b76c2a8db0
Event: 3.593 loading class javax/swing/Timer$1
Event: 3.593 loading class javax/swing/Timer$1 done
Event: 3.769 loading class java/io/InterruptedIOException
Event: 3.769 loading class java/io/InterruptedIOException done
Event: 5.854 Thread 0x000001b76c24fc30 Thread exited: 0x000001b76c24fc30
Event: 5.854 Thread 0x000001b76c26cc30 Thread exited: 0x000001b76c26cc30
Event: 15.033 loading class java/awt/LightweightDispatcher$2
Event: 15.033 loading class java/awt/LightweightDispatcher$2 done
Event: 15.675 loading class java/awt/KeyboardFocusManager$2
Event: 15.675 loading class java/awt/KeyboardFocusManager$2 done
Event: 15.678 loading class sun/awt/SunToolkit$1
Event: 15.678 loading class sun/awt/SunToolkit$1 done
Event: 16.539 Thread 0x000001b76c2a9280 Thread added: 0x000001b76c2a9280
Event: 30.678 Thread 0x000001b76c2a7f40 Thread added: 0x000001b76c2a7f40
Event: 30.678 Thread 0x000001b76c2a8410 Thread added: 0x000001b76c2a8410
Event: 30.679 Thread 0x000001b76c503b50 Thread added: 0x000001b76c503b50
Event: 30.679 Thread 0x000001b76c2a7f40 Thread exited: 0x000001b76c2a7f40
Event: 30.679 Thread 0x000001b76c503b50 Thread exited: 0x000001b76c503b50
Event: 30.714 Thread 0x000001b76ab3cee0 Thread exited: 0x000001b76ab3cee0


Dynamic libraries:
0x00007ff61b370000 - 0x00007ff61b37e000 	C:\Users\Sando\.jdks\openjdk-17.0.2\bin\java.exe
0x00007ffe21830000 - 0x00007ffe21a25000 	C:\WINDOWS\SYSTEM32\ntdll.dll
0x00007ffe1f890000 - 0x00007ffe1f94e000 	C:\WINDOWS\System32\KERNEL32.DLL
0x00007ffe1ef80000 - 0x00007ffe1f248000 	C:\WINDOWS\System32\KERNELBASE.dll
0x00007ffe1f370000 - 0x00007ffe1f470000 	C:\WINDOWS\System32\ucrtbase.dll
0x00007ffe180f0000 - 0x00007ffe18108000 	C:\Users\Sando\.jdks\openjdk-17.0.2\bin\jli.dll
0x00007ffe18170000 - 0x00007ffe1818a000 	C:\Users\Sando\.jdks\openjdk-17.0.2\bin\VCRUNTIME140.dll
0x00007ffe1fa00000 - 0x00007ffe1fba0000 	C:\WINDOWS\System32\USER32.dll
0x00007ffe03e90000 - 0x00007ffe0412a000 	C:\WINDOWS\WinSxS\amd64_microsoft.windows.common-controls_6595b64144ccf1df_6.0.19041.1110_none_60b5254171f9507e\COMCTL32.dll
0x00007ffe1ef50000 - 0x00007ffe1ef72000 	C:\WINDOWS\System32\win32u.dll
0x00007ffe1fe20000 - 0x00007ffe1febe000 	C:\WINDOWS\System32\msvcrt.dll
0x00007ffe1fdf0000 - 0x00007ffe1fe1b000 	C:\WINDOWS\System32\GDI32.dll
0x00007ffe1f730000 - 0x00007ffe1f83b000 	C:\WINDOWS\System32\gdi32full.dll
0x00007ffe1f470000 - 0x00007ffe1f50d000 	C:\WINDOWS\System32\msvcp_win.dll
0x00007ffe209c0000 - 0x00007ffe209f0000 	C:\WINDOWS\System32\IMM32.DLL
0x00007ffe18bc0000 - 0x00007ffe18bcc000 	C:\Users\Sando\.jdks\openjdk-17.0.2\bin\vcruntime140_1.dll
0x00007ffe09db0000 - 0x00007ffe09e3d000 	C:\Users\Sando\.jdks\openjdk-17.0.2\bin\msvcp140.dll
0x00007ffdbabd0000 - 0x00007ffdbb791000 	C:\Users\Sando\.jdks\openjdk-17.0.2\bin\server\jvm.dll
0x00007ffe20ee0000 - 0x00007ffe20f8e000 	C:\WINDOWS\System32\ADVAPI32.dll
0x00007ffe1fba0000 - 0x00007ffe1fc3c000 	C:\WINDOWS\System32\sechost.dll
0x00007ffe20530000 - 0x00007ffe20655000 	C:\WINDOWS\System32\RPCRT4.dll
0x00007ffe20490000 - 0x00007ffe20498000 	C:\WINDOWS\System32\PSAPI.DLL
0x00007ffe0c7d0000 - 0x00007ffe0c7d9000 	C:\WINDOWS\SYSTEM32\WSOCK32.dll
0x00007ffe14a20000 - 0x00007ffe14a47000 	C:\WINDOWS\SYSTEM32\WINMM.dll
0x00007ffe15320000 - 0x00007ffe1532a000 	C:\WINDOWS\SYSTEM32\VERSION.dll
0x00007ffe20790000 - 0x00007ffe207fb000 	C:\WINDOWS\System32\WS2_32.dll
0x00007ffe1ce40000 - 0x00007ffe1ce52000 	C:\WINDOWS\SYSTEM32\kernel.appcore.dll
0x00007ffe16740000 - 0x00007ffe1674a000 	C:\Users\Sando\.jdks\openjdk-17.0.2\bin\jimage.dll
0x00007ffe15fc0000 - 0x00007ffe161a4000 	C:\WINDOWS\SYSTEM32\DBGHELP.DLL
0x00007ffe15e00000 - 0x00007ffe15e2c000 	C:\WINDOWS\SYSTEM32\dbgcore.DLL
0x00007ffe1f510000 - 0x00007ffe1f592000 	C:\WINDOWS\System32\bcryptPrimitives.dll
0x00007ffe16730000 - 0x00007ffe1673e000 	C:\Users\Sando\.jdks\openjdk-17.0.2\bin\instrument.dll
0x00007ffe13b90000 - 0x00007ffe13bb5000 	C:\Users\Sando\.jdks\openjdk-17.0.2\bin\java.dll
0x00007ffe065c0000 - 0x00007ffe06696000 	C:\Users\Sando\.jdks\openjdk-17.0.2\bin\jsvml.dll
0x00007ffe21040000 - 0x00007ffe21784000 	C:\WINDOWS\System32\SHELL32.dll
0x00007ffe1d060000 - 0x00007ffe1d7f4000 	C:\WINDOWS\SYSTEM32\windows.storage.dll
0x00007ffe20b80000 - 0x00007ffe20ed4000 	C:\WINDOWS\System32\combase.dll
0x00007ffe1e940000 - 0x00007ffe1e96c000 	C:\WINDOWS\SYSTEM32\Wldp.dll
0x00007ffe1f950000 - 0x00007ffe1f9fd000 	C:\WINDOWS\System32\SHCORE.dll
0x00007ffe20ac0000 - 0x00007ffe20b15000 	C:\WINDOWS\System32\shlwapi.dll
0x00007ffe1ee90000 - 0x00007ffe1eeaf000 	C:\WINDOWS\SYSTEM32\profapi.dll
0x00007ffe0e5e0000 - 0x00007ffe0e5f8000 	C:\Users\Sando\.jdks\openjdk-17.0.2\bin\zip.dll
0x00007ffe118b0000 - 0x00007ffe118c9000 	C:\Users\Sando\.jdks\openjdk-17.0.2\bin\net.dll
0x00007ffe199b0000 - 0x00007ffe19ab9000 	C:\WINDOWS\SYSTEM32\WINHTTP.dll
0x00007ffe1e6a0000 - 0x00007ffe1e70a000 	C:\WINDOWS\system32\mswsock.dll
0x00007ffe0e650000 - 0x00007ffe0e666000 	C:\Users\Sando\.jdks\openjdk-17.0.2\bin\nio.dll
0x00007ffe0b070000 - 0x00007ffe0b08a000 	C:\Program Files\JetBrains\IntelliJ IDEA 2021.3.2\bin\breakgen64.dll
0x00007ffde7f30000 - 0x00007ffde80be000 	C:\Users\Sando\.jdks\openjdk-17.0.2\bin\awt.dll
0x00007ffe209f0000 - 0x00007ffe20abd000 	C:\WINDOWS\System32\OLEAUT32.dll
0x00007ffe1c770000 - 0x00007ffe1c800000 	C:\WINDOWS\SYSTEM32\apphelp.dll
0x00007ffe1c8e0000 - 0x00007ffe1c97e000 	C:\WINDOWS\system32\uxtheme.dll
0x00007ffe18c00000 - 0x00007ffe18de1000 	C:\Program Files (x86)\Stardock\Fences\FencesMenu64.dll
0x00007ffe20660000 - 0x00007ffe2078a000 	C:\WINDOWS\System32\ole32.dll
0x00007ffe1af40000 - 0x00007ffe1af54000 	C:\WINDOWS\SYSTEM32\WTSAPI32.dll
0x00007ffe1ee10000 - 0x00007ffe1ee3e000 	C:\WINDOWS\SYSTEM32\USERENV.dll
0x00007ffdea790000 - 0x00007ffdea935000 	C:\WINDOWS\WinSxS\amd64_microsoft.windows.gdiplus_6595b64144ccf1df_1.1.19041.1566_none_91a49058cc87e409\gdiplus.dll
0x00007ffe20820000 - 0x00007ffe20936000 	C:\WINDOWS\System32\MSCTF.dll
0x00007ffe1ca70000 - 0x00007ffe1ca9f000 	C:\WINDOWS\system32\DWMAPI.DLL
0x00007ffe099b0000 - 0x00007ffe099e4000 	C:\Users\Sando\AppData\Local\Temp\jSerialComm\1653672435222-jSerialComm.dll
0x00007ffe1ffa0000 - 0x00007ffe20410000 	C:\WINDOWS\System32\SETUPAPI.dll
0x00007ffe1f840000 - 0x00007ffe1f88e000 	C:\WINDOWS\System32\cfgmgr32.dll
0x00007ffe1f700000 - 0x00007ffe1f727000 	C:\WINDOWS\System32\bcrypt.dll
0x00007ffe1ecf0000 - 0x00007ffe1ed23000 	C:\WINDOWS\SYSTEM32\DEVOBJ.dll
0x00007ffe1f250000 - 0x00007ffe1f2b8000 	C:\WINDOWS\System32\WINTRUST.dll
0x00007ffe1f5a0000 - 0x00007ffe1f6f6000 	C:\WINDOWS\System32\CRYPT32.dll
0x00007ffe1eac0000 - 0x00007ffe1ead2000 	C:\WINDOWS\SYSTEM32\MSASN1.dll
0x00007ffdf7990000 - 0x00007ffdf7ab6000 	C:\WINDOWS\system32\opengl32.dll
0x00007ffe06ee0000 - 0x00007ffe06f0c000 	C:\WINDOWS\SYSTEM32\GLU32.dll
0x00007ffdf9010000 - 0x00007ffdf9099000 	C:\Users\Sando\.jdks\openjdk-17.0.2\bin\freetype.dll
0x00007ffdf8f60000 - 0x00007ffdf9008000 	C:\Users\Sando\.jdks\openjdk-17.0.2\bin\fontmanager.dll
0x00007ffe1e3d0000 - 0x00007ffe1e49a000 	C:\WINDOWS\SYSTEM32\DNSAPI.dll
0x00007ffe1e390000 - 0x00007ffe1e3cb000 	C:\WINDOWS\SYSTEM32\IPHLPAPI.DLL
0x00007ffe20470000 - 0x00007ffe20478000 	C:\WINDOWS\System32\NSI.dll
0x00007ffe18070000 - 0x00007ffe1807a000 	C:\Windows\System32\rasadhlp.dll
0x00007ffe153c0000 - 0x00007ffe1543f000 	C:\WINDOWS\System32\fwpuclnt.dll
0x00007ffe0a300000 - 0x00007ffe0a3f9000 	C:\WINDOWS\SYSTEM32\textinputframework.dll
0x00007ffe1bd30000 - 0x00007ffe1c08e000 	C:\WINDOWS\System32\CoreUIComponents.dll
0x00007ffe1c090000 - 0x00007ffe1c182000 	C:\WINDOWS\System32\CoreMessaging.dll
0x00007ffe1dc50000 - 0x00007ffe1dc83000 	C:\WINDOWS\SYSTEM32\ntmarta.dll
0x00007ffe1a810000 - 0x00007ffe1a964000 	C:\WINDOWS\SYSTEM32\wintypes.dll
0x00007ffdf3610000 - 0x00007ffdf3676000 	C:\WINDOWS\system32\Oleacc.dll

dbghelp: loaded successfully - version: 4.0.5 - missing functions: none
symbol engine: initialized successfully - sym options: 0x614 - pdb path: .;C:\Users\Sando\.jdks\openjdk-17.0.2\bin;C:\WINDOWS\SYSTEM32;C:\WINDOWS\WinSxS\amd64_microsoft.windows.common-controls_6595b64144ccf1df_6.0.19041.1110_none_60b5254171f9507e;C:\Users\Sando\.jdks\openjdk-17.0.2\bin\server;C:\Program Files\JetBrains\IntelliJ IDEA 2021.3.2\bin;C:\Program Files (x86)\Stardock\Fences;C:\WINDOWS\WinSxS\amd64_microsoft.windows.gdiplus_6595b64144ccf1df_1.1.19041.1566_none_91a49058cc87e409;C:\Users\Sando\AppData\Local\Temp\jSerialComm

VM Arguments:
jvm_args: -javaagent:C:\Program Files\JetBrains\IntelliJ IDEA 2021.3.2\lib\idea_rt.jar=59681:C:\Program Files\JetBrains\IntelliJ IDEA 2021.3.2\bin -Dfile.encoding=UTF-8 
java_command: com.sandor.UltraSpaceSortingMachine
java_class_path (initial): C:\Users\Sando\IdeaProjects\UltraSpaceSortingMachine\out\production\untitled104;C:\Users\Sando\IdeaProjects\UltraSpaceSortingMachine\jSerialComm-2.9.1.jar;C:\Users\Sando\IdeaProjects\UltraSpaceSortingMachine\mysql-connector-java-8.0.28.jar
Launcher Type: SUN_STANDARD

[Global flags]
     intx CICompilerCount                          = 4                                         {product} {ergonomic}
     uint ConcGCThreads                            = 2                                         {product} {ergonomic}
     uint G1ConcRefinementThreads                  = 8                                         {product} {ergonomic}
   size_t G1HeapRegionSize                         = 1048576                                   {product} {ergonomic}
    uintx GCDrainStackTargetSize                   = 64                                        {product} {ergonomic}
   size_t InitialHeapSize                          = 134217728                                 {product} {ergonomic}
   size_t MarkStackSize                            = 4194304                                   {product} {ergonomic}
   size_t MaxHeapSize                              = 2126512128                                {product} {ergonomic}
   size_t MaxNewSize                               = 1275068416                                {product} {ergonomic}
   size_t MinHeapDeltaBytes                        = 1048576                                   {product} {ergonomic}
   size_t MinHeapSize                              = 8388608                                   {product} {ergonomic}
    uintx NonNMethodCodeHeapSize                   = 5839372                                {pd product} {ergonomic}
    uintx NonProfiledCodeHeapSize                  = 122909434                              {pd product} {ergonomic}
    uintx ProfiledCodeHeapSize                     = 122909434                              {pd product} {ergonomic}
    uintx ReservedCodeCacheSize                    = 251658240                              {pd product} {ergonomic}
     bool SegmentedCodeCache                       = true                                      {product} {ergonomic}
   size_t SoftMaxHeapSize                          = 2126512128                             {manageable} {ergonomic}
     bool UseCompressedClassPointers               = true                           {product lp64_product} {ergonomic}
     bool UseCompressedOops                        = true                           {product lp64_product} {ergonomic}
     bool UseG1GC                                  = true                                      {product} {ergonomic}
     bool UseLargePagesIndividualAllocation        = false                                  {pd product} {ergonomic}

Logging:
Log output configuration:
 #0: stdout all=warning uptime,level,tags
 #1: stderr all=off uptime,level,tags

Environment Variables:
PATH=C:\WINDOWS\system32;C:\WINDOWS;C:\WINDOWS\System32\Wbem;C:\WINDOWS\System32\WindowsPowerShell\v1.0\;C:\WINDOWS\System32\OpenSSH\;C:\Users\Sando\AppData\Local\Microsoft\WindowsApps;C:\Users\Sando\AppData\Local\GitHubDesktop\bin;
USERNAME=Sando
OS=Windows_NT
PROCESSOR_IDENTIFIER=Intel64 Family 6 Model 142 Stepping 10, GenuineIntel



---------------  S Y S T E M  ---------------

OS:
 Windows 10 , 64 bit Build 19041 (10.0.19041.1566)
OS uptime: 28 days 19:38 hours

CPU: total 8 (initial active 8) (4 cores per cpu, 2 threads per core) family 6 model 142 stepping 10 microcode 0xec, cx8, cmov, fxsr, ht, mmx, 3dnowpref, sse, sse2, sse3, ssse3, sse4.1, sse4.2, popcnt, lzcnt, tsc, tscinvbit, avx, avx2, aes, erms, clmul, bmi1, bmi2, rtm, adx, fma, vzeroupper, clflush, clflushopt

Memory: 4k page, system-wide physical 8108M (812M free)
TotalPageFile size 20649M (AvailPageFile size 3561M)
current process WorkingSet (physical memory assigned to process): 89M, peak: 92M
current process commit charge ("private bytes"): 234M, peak: 237M

vm_info: OpenJDK 64-Bit Server VM (17.0.2+8-86) for windows-amd64 JRE (17.0.2+8-86), built on Dec  7 2021 21:49:10 by "mach5one" with MS VC++ 16.8 / 16.9 (VS2019)

END.
